<?xml version="1.0" encoding="UTF-8"?>
<robot generator="Robot 7.2.2 (Python 3.13.2 on win32)" generated="2025-06-11T02:36:02.219462" rpa="false" schemaversion="5">
<suite id="s1" name="Produtos" source="C:\Users\mikec\OneDrive\Videos\Desktop\Compass\challenge-pb\tests\produtos.robot">
<kw name="Create Session" owner="RequestsLibrary" type="SETUP">
<msg time="2025-06-11T02:36:02.560536" level="INFO">Creating Session using : alias=serve, url=https://compassuol.serverest.dev, headers={},                     cookies={}, auth=None, timeout=None, proxies=None, verify=False,                     debug=0 </msg>
<arg>serve</arg>
<arg>${BASE_URL}</arg>
<doc>Create Session: create a HTTP session to a server</doc>
<status status="PASS" start="2025-06-11T02:36:02.560335" elapsed="0.000391"/>
</kw>
<test id="s1-t1" name="CT031 - Cadastrar produto com usuário autenticado" line="10">
<kw name="Generate Random String" owner="String">
<msg time="2025-06-11T02:36:02.561426" level="INFO">${rand} = K8Alc</msg>
<var>${rand}</var>
<arg>5</arg>
<doc>Generates a string with a desired ``length`` from the given ``chars``.</doc>
<status status="PASS" start="2025-06-11T02:36:02.561243" elapsed="0.000207"/>
</kw>
<kw name="Set Variable" owner="BuiltIn">
<msg time="2025-06-11T02:36:02.561717" level="INFO">${email} = produtoK8Alc@teste.com</msg>
<var>${email}</var>
<arg>produto${rand}@teste.com</arg>
<doc>Returns the given values which can then be assigned to a variables.</doc>
<status status="PASS" start="2025-06-11T02:36:02.561597" elapsed="0.000138"/>
</kw>
<kw name="Set Variable" owner="BuiltIn">
<msg time="2025-06-11T02:36:02.561932" level="INFO">${senha} = 123456</msg>
<var>${senha}</var>
<arg>123456</arg>
<doc>Returns the given values which can then be assigned to a variables.</doc>
<status status="PASS" start="2025-06-11T02:36:02.561851" elapsed="0.000098"/>
</kw>
<kw name="Create Dictionary" owner="BuiltIn">
<msg time="2025-06-11T02:36:02.562322" level="INFO">${usuario} = {'nome': 'ProdUser', 'email': 'produtoK8Alc@teste.com', 'password': '123456', 'administrador': 'true'}</msg>
<var>${usuario}</var>
<arg>nome=ProdUser</arg>
<arg>email=${email}</arg>
<arg>password=${senha}</arg>
<arg>administrador=true</arg>
<doc>Creates and returns a dictionary based on the given ``items``.</doc>
<status status="PASS" start="2025-06-11T02:36:02.562070" elapsed="0.000271"/>
</kw>
<kw name="POST On Session" owner="RequestsLibrary">
<msg time="2025-06-11T02:36:02.933905" level="INFO">POST Request : url=https://compassuol.serverest.dev/usuarios 
 path_url=/usuarios 
 headers={'User-Agent': 'python-requests/2.32.3', 'Accept-Encoding': 'gzip, deflate', 'Accept': '*/*', 'Connection': 'keep-alive', 'Content-Length': '102', 'Content-Type': 'application/json'} 
 body=b'{"nome": "ProdUser", "email": "produtoK8Alc@teste.com", "password": "123456", "administrador": "true"}' 
 </msg>
<msg time="2025-06-11T02:36:02.934020" level="INFO">POST Response : url=https://compassuol.serverest.dev/usuarios 
 status=201, reason=Created 
 headers={'access-control-allow-origin': '*', 'x-dns-prefetch-control': 'off', 'x-frame-options': 'SAMEORIGIN', 'strict-transport-security': 'max-age=15552000; includeSubDomains', 'x-download-options': 'noopen', 'x-content-type-options': 'nosniff', 'x-xss-protection': '1; mode=block', 'content-type': 'application/json; charset=utf-8', 'x-cloud-trace-context': '0d5ff7f1da325b2e3e5553ad03bd528a;o=1', 'date': 'Wed, 11 Jun 2025 05:36:04 GMT', 'server': 'Google Frontend', 'Content-Length': '82'} 
 body={
    "message": "Cadastro realizado com sucesso",
    "_id": "cdB7rBj3J3e40nFJ"
} 
 </msg>
<msg time="2025-06-11T02:36:02.934088" level="INFO">C:\Users\mikec\AppData\Local\Programs\Python\Python313\Lib\site-packages\urllib3\connectionpool.py:1097: InsecureRequestWarning: Unverified HTTPS request is being made to host 'compassuol.serverest.dev'. Adding certificate verification is strongly advised. See: https://urllib3.readthedocs.io/en/latest/advanced-usage.html#tls-warnings
  warnings.warn(</msg>
<arg>serve</arg>
<arg>/usuarios</arg>
<arg>json=${usuario}</arg>
<doc>Sends a POST request on a previously created HTTP Session.</doc>
<status status="PASS" start="2025-06-11T02:36:02.562459" elapsed="0.371815"/>
</kw>
<kw name="Create Dictionary" owner="BuiltIn">
<msg time="2025-06-11T02:36:02.934821" level="INFO">${login} = {'email': 'produtoK8Alc@teste.com', 'password': '123456'}</msg>
<var>${login}</var>
<arg>email=${email}</arg>
<arg>password=${senha}</arg>
<doc>Creates and returns a dictionary based on the given ``items``.</doc>
<status status="PASS" start="2025-06-11T02:36:02.934526" elapsed="0.000320"/>
</kw>
<kw name="POST On Session" owner="RequestsLibrary">
<msg time="2025-06-11T02:36:03.119623" level="INFO">POST Request : url=https://compassuol.serverest.dev/login 
 path_url=/login 
 headers={'User-Agent': 'python-requests/2.32.3', 'Accept-Encoding': 'gzip, deflate', 'Accept': '*/*', 'Connection': 'keep-alive', 'Content-Length': '57', 'Content-Type': 'application/json'} 
 body=b'{"email": "produtoK8Alc@teste.com", "password": "123456"}' 
 </msg>
<msg time="2025-06-11T02:36:03.119714" level="INFO">POST Response : url=https://compassuol.serverest.dev/login 
 status=200, reason=OK 
 headers={'access-control-allow-origin': '*', 'x-dns-prefetch-control': 'off', 'x-frame-options': 'SAMEORIGIN', 'strict-transport-security': 'max-age=15552000; includeSubDomains', 'x-download-options': 'noopen', 'x-content-type-options': 'nosniff', 'x-xss-protection': '1; mode=block', 'content-type': 'application/json; charset=utf-8', 'x-cloud-trace-context': 'd9e7fff251d6e8ca3e5553ad03bd5c4c', 'date': 'Wed, 11 Jun 2025 05:36:04 GMT', 'server': 'Google Frontend', 'Content-Length': '279'} 
 body={
    "message": "Login realizado com sucesso",
    "authorization": "Bearer eyJhbGciOiJIUzI1NiIsInR5cCI6IkpXVCJ9.eyJlbWFpbCI6InByb2R1dG9LOEFsY0B0ZXN0ZS5jb20iLCJwYXNzd29yZCI6IjEyMzQ1NiIsImlhdCI6MTc0OTYyMDE2NCwiZXhwIjoxNzQ5NjIwNzY0fQ.EX0Ys58gUXuE1PCXTegM3sl6wr-KM6yrlTbQ-rg4DwI"
} 
 </msg>
<msg time="2025-06-11T02:36:03.119801" level="INFO">C:\Users\mikec\AppData\Local\Programs\Python\Python313\Lib\site-packages\urllib3\connectionpool.py:1097: InsecureRequestWarning: Unverified HTTPS request is being made to host 'compassuol.serverest.dev'. Adding certificate verification is strongly advised. See: https://urllib3.readthedocs.io/en/latest/advanced-usage.html#tls-warnings
  warnings.warn(</msg>
<msg time="2025-06-11T02:36:03.120036" level="INFO">${res} = &lt;Response [200]&gt;</msg>
<var>${res}</var>
<arg>serve</arg>
<arg>/login</arg>
<arg>json=${login}</arg>
<doc>Sends a POST request on a previously created HTTP Session.</doc>
<status status="PASS" start="2025-06-11T02:36:02.935025" elapsed="0.185039"/>
</kw>
<kw name="Set Variable" owner="BuiltIn">
<msg time="2025-06-11T02:36:03.120681" level="INFO">${token} = Bearer eyJhbGciOiJIUzI1NiIsInR5cCI6IkpXVCJ9.eyJlbWFpbCI6InByb2R1dG9LOEFsY0B0ZXN0ZS5jb20iLCJwYXNzd29yZCI6IjEyMzQ1NiIsImlhdCI6MTc0OTYyMDE2NCwiZXhwIjoxNzQ5NjIwNzY0fQ.EX0Ys58gUXuE1PCXTegM3sl6wr-KM6yrlTbQ-...</msg>
<var>${token}</var>
<arg>${res.json()["authorization"]}</arg>
<doc>Returns the given values which can then be assigned to a variables.</doc>
<status status="PASS" start="2025-06-11T02:36:03.120265" elapsed="0.000437"/>
</kw>
<kw name="Create Dictionary" owner="BuiltIn">
<msg time="2025-06-11T02:36:03.121044" level="INFO">${headers} = {'Authorization': 'Bearer Bearer eyJhbGciOiJIUzI1NiIsInR5cCI6IkpXVCJ9.eyJlbWFpbCI6InByb2R1dG9LOEFsY0B0ZXN0ZS5jb20iLCJwYXNzd29yZCI6IjEyMzQ1NiIsImlhdCI6MTc0OTYyMDE2NCwiZXhwIjoxNzQ5NjIwNzY0fQ.EX0Ys58gUXu...</msg>
<var>${headers}</var>
<arg>Authorization=Bearer ${token}</arg>
<doc>Creates and returns a dictionary based on the given ``items``.</doc>
<status status="PASS" start="2025-06-11T02:36:03.120857" elapsed="0.000208"/>
</kw>
<kw name="Create Dictionary" owner="BuiltIn">
<msg time="2025-06-11T02:36:03.121424" level="INFO">${produto} = {'nome': 'ProdutoK8Alc', 'preco': '99', 'descricao': 'Produto Teste', 'quantidade': '10'}</msg>
<var>${produto}</var>
<arg>nome=Produto${rand}</arg>
<arg>preco=99</arg>
<arg>descricao=Produto Teste</arg>
<arg>quantidade=10</arg>
<doc>Creates and returns a dictionary based on the given ``items``.</doc>
<status status="PASS" start="2025-06-11T02:36:03.121259" elapsed="0.000183"/>
</kw>
<kw name="POST On Session" owner="RequestsLibrary">
<msg time="2025-06-11T02:36:03.291262" level="INFO">POST Request : url=https://compassuol.serverest.dev/produtos 
 path_url=/produtos 
 headers={'User-Agent': 'python-requests/2.32.3', 'Accept-Encoding': 'gzip, deflate', 'Accept': '*/*', 'Connection': 'keep-alive', 'Authorization': 'Bearer Bearer eyJhbGciOiJIUzI1NiIsInR5cCI6IkpXVCJ9.eyJlbWFpbCI6InByb2R1dG9LOEFsY0B0ZXN0ZS5jb20iLCJwYXNzd29yZCI6IjEyMzQ1NiIsImlhdCI6MTc0OTYyMDE2NCwiZXhwIjoxNzQ5NjIwNzY0fQ.EX0Ys58gUXuE1PCXTegM3sl6wr-KM6yrlTbQ-rg4DwI', 'Content-Length': '89', 'Content-Type': 'application/json'} 
 body=b'{"nome": "ProdutoK8Alc", "preco": "99", "descricao": "Produto Teste", "quantidade": "10"}' 
 </msg>
<msg time="2025-06-11T02:36:03.291340" level="INFO">POST Response : url=https://compassuol.serverest.dev/produtos 
 status=401, reason=Unauthorized 
 headers={'access-control-allow-origin': '*', 'x-dns-prefetch-control': 'off', 'x-frame-options': 'SAMEORIGIN', 'strict-transport-security': 'max-age=15552000; includeSubDomains', 'x-download-options': 'noopen', 'x-content-type-options': 'nosniff', 'x-xss-protection': '1; mode=block', 'content-type': 'application/json; charset=utf-8', 'x-cloud-trace-context': '0679c6df572a19a73e5553ad03bd5d2a', 'date': 'Wed, 11 Jun 2025 05:36:04 GMT', 'server': 'Google Frontend', 'Content-Length': '103'} 
 body={
    "message": "Token de acesso ausente, inválido, expirado ou usuário do token não existe mais"
} 
 </msg>
<msg time="2025-06-11T02:36:03.291426" level="INFO">C:\Users\mikec\AppData\Local\Programs\Python\Python313\Lib\site-packages\urllib3\connectionpool.py:1097: InsecureRequestWarning: Unverified HTTPS request is being made to host 'compassuol.serverest.dev'. Adding certificate verification is strongly advised. See: https://urllib3.readthedocs.io/en/latest/advanced-usage.html#tls-warnings
  warnings.warn(</msg>
<msg time="2025-06-11T02:36:03.291677" level="FAIL">HTTPError: 401 Client Error: Unauthorized for url: https://compassuol.serverest.dev/produtos</msg>
<var>${res_prod}</var>
<arg>serve</arg>
<arg>/produtos</arg>
<arg>headers=${headers}</arg>
<arg>json=${produto}</arg>
<doc>Sends a POST request on a previously created HTTP Session.</doc>
<status status="FAIL" start="2025-06-11T02:36:03.121672" elapsed="0.171470">HTTPError: 401 Client Error: Unauthorized for url: https://compassuol.serverest.dev/produtos</status>
</kw>
<kw name="Status Should Be" owner="RequestsLibrary">
<arg>201</arg>
<arg>${res_prod}</arg>
<doc>Fails if response status code is different than the expected.</doc>
<status status="NOT RUN" start="2025-06-11T02:36:03.293354" elapsed="0.000022"/>
</kw>
<kw name="Should Contain" owner="BuiltIn">
<arg>${res_prod.json()["message"]}</arg>
<arg>Cadastro realizado com sucesso</arg>
<doc>Fails if ``container`` does not contain ``item`` one or more times.</doc>
<status status="NOT RUN" start="2025-06-11T02:36:03.293503" elapsed="0.000015"/>
</kw>
<status status="FAIL" start="2025-06-11T02:36:02.560866" elapsed="0.732825">HTTPError: 401 Client Error: Unauthorized for url: https://compassuol.serverest.dev/produtos</status>
</test>
<test id="s1-t2" name="CT032 - Cadastrar produto com nome já existente" line="25">
<kw name="Generate Random String" owner="String">
<msg time="2025-06-11T02:36:03.294575" level="INFO">${rand} = lXU8</msg>
<var>${rand}</var>
<arg>4</arg>
<doc>Generates a string with a desired ``length`` from the given ``chars``.</doc>
<status status="PASS" start="2025-06-11T02:36:03.294396" elapsed="0.000199"/>
</kw>
<kw name="Set Variable" owner="BuiltIn">
<msg time="2025-06-11T02:36:03.294843" level="INFO">${email} = duplicadolXU8@teste.com</msg>
<var>${email}</var>
<arg>duplicado${rand}@teste.com</arg>
<doc>Returns the given values which can then be assigned to a variables.</doc>
<status status="PASS" start="2025-06-11T02:36:03.294728" elapsed="0.000133"/>
</kw>
<kw name="Set Variable" owner="BuiltIn">
<msg time="2025-06-11T02:36:03.295062" level="INFO">${senha} = 123456</msg>
<var>${senha}</var>
<arg>123456</arg>
<doc>Returns the given values which can then be assigned to a variables.</doc>
<status status="PASS" start="2025-06-11T02:36:03.294979" elapsed="0.000104"/>
</kw>
<kw name="Create Dictionary" owner="BuiltIn">
<msg time="2025-06-11T02:36:03.295375" level="INFO">${usuario} = {'nome': 'Dup', 'email': 'duplicadolXU8@teste.com', 'password': '123456', 'administrador': 'true'}</msg>
<var>${usuario}</var>
<arg>nome=Dup</arg>
<arg>email=${email}</arg>
<arg>password=${senha}</arg>
<arg>administrador=true</arg>
<doc>Creates and returns a dictionary based on the given ``items``.</doc>
<status status="PASS" start="2025-06-11T02:36:03.295198" elapsed="0.000195"/>
</kw>
<kw name="POST On Session" owner="RequestsLibrary">
<msg time="2025-06-11T02:36:03.462968" level="INFO">POST Request : url=https://compassuol.serverest.dev/usuarios 
 path_url=/usuarios 
 headers={'User-Agent': 'python-requests/2.32.3', 'Accept-Encoding': 'gzip, deflate', 'Accept': '*/*', 'Connection': 'keep-alive', 'Content-Length': '98', 'Content-Type': 'application/json'} 
 body=b'{"nome": "Dup", "email": "duplicadolXU8@teste.com", "password": "123456", "administrador": "true"}' 
 </msg>
<msg time="2025-06-11T02:36:03.463047" level="INFO">POST Response : url=https://compassuol.serverest.dev/usuarios 
 status=201, reason=Created 
 headers={'access-control-allow-origin': '*', 'x-dns-prefetch-control': 'off', 'x-frame-options': 'SAMEORIGIN', 'strict-transport-security': 'max-age=15552000; includeSubDomains', 'x-download-options': 'noopen', 'x-content-type-options': 'nosniff', 'x-xss-protection': '1; mode=block', 'content-type': 'application/json; charset=utf-8', 'x-cloud-trace-context': '990b5b1fb0a2eb193e5553ad03bd5d97', 'date': 'Wed, 11 Jun 2025 05:36:05 GMT', 'server': 'Google Frontend', 'Content-Length': '82'} 
 body={
    "message": "Cadastro realizado com sucesso",
    "_id": "WNTIaNa5MJcY7jgK"
} 
 </msg>
<msg time="2025-06-11T02:36:03.463102" level="INFO">C:\Users\mikec\AppData\Local\Programs\Python\Python313\Lib\site-packages\urllib3\connectionpool.py:1097: InsecureRequestWarning: Unverified HTTPS request is being made to host 'compassuol.serverest.dev'. Adding certificate verification is strongly advised. See: https://urllib3.readthedocs.io/en/latest/advanced-usage.html#tls-warnings
  warnings.warn(</msg>
<arg>serve</arg>
<arg>/usuarios</arg>
<arg>json=${usuario}</arg>
<doc>Sends a POST request on a previously created HTTP Session.</doc>
<status status="PASS" start="2025-06-11T02:36:03.295505" elapsed="0.167771"/>
</kw>
<kw name="Create Dictionary" owner="BuiltIn">
<msg time="2025-06-11T02:36:03.463773" level="INFO">${login} = {'email': 'duplicadolXU8@teste.com', 'password': '123456'}</msg>
<var>${login}</var>
<arg>email=${email}</arg>
<arg>password=${senha}</arg>
<doc>Creates and returns a dictionary based on the given ``items``.</doc>
<status status="PASS" start="2025-06-11T02:36:03.463507" elapsed="0.000291"/>
</kw>
<kw name="POST On Session" owner="RequestsLibrary">
<msg time="2025-06-11T02:36:03.628012" level="INFO">POST Request : url=https://compassuol.serverest.dev/login 
 path_url=/login 
 headers={'User-Agent': 'python-requests/2.32.3', 'Accept-Encoding': 'gzip, deflate', 'Accept': '*/*', 'Connection': 'keep-alive', 'Content-Length': '58', 'Content-Type': 'application/json'} 
 body=b'{"email": "duplicadolXU8@teste.com", "password": "123456"}' 
 </msg>
<msg time="2025-06-11T02:36:03.628088" level="INFO">POST Response : url=https://compassuol.serverest.dev/login 
 status=200, reason=OK 
 headers={'access-control-allow-origin': '*', 'x-dns-prefetch-control': 'off', 'x-frame-options': 'SAMEORIGIN', 'strict-transport-security': 'max-age=15552000; includeSubDomains', 'x-download-options': 'noopen', 'x-content-type-options': 'nosniff', 'x-xss-protection': '1; mode=block', 'content-type': 'application/json; charset=utf-8', 'x-cloud-trace-context': 'eba4025b29c519273e5553ad03bd5276', 'date': 'Wed, 11 Jun 2025 05:36:05 GMT', 'server': 'Google Frontend', 'Content-Length': '280'} 
 body={
    "message": "Login realizado com sucesso",
    "authorization": "Bearer eyJhbGciOiJIUzI1NiIsInR5cCI6IkpXVCJ9.eyJlbWFpbCI6ImR1cGxpY2Fkb2xYVThAdGVzdGUuY29tIiwicGFzc3dvcmQiOiIxMjM0NTYiLCJpYXQiOjE3NDk2MjAxNjUsImV4cCI6MTc0OTYyMDc2NX0.u3dTWtHPto5eo87S7EWY5d_hnbT3RnpTtUXsGTBW-M8"
} 
 </msg>
<msg time="2025-06-11T02:36:03.628252" level="INFO">C:\Users\mikec\AppData\Local\Programs\Python\Python313\Lib\site-packages\urllib3\connectionpool.py:1097: InsecureRequestWarning: Unverified HTTPS request is being made to host 'compassuol.serverest.dev'. Adding certificate verification is strongly advised. See: https://urllib3.readthedocs.io/en/latest/advanced-usage.html#tls-warnings
  warnings.warn(</msg>
<msg time="2025-06-11T02:36:03.628473" level="INFO">${res} = &lt;Response [200]&gt;</msg>
<var>${res}</var>
<arg>serve</arg>
<arg>/login</arg>
<arg>json=${login}</arg>
<doc>Sends a POST request on a previously created HTTP Session.</doc>
<status status="PASS" start="2025-06-11T02:36:03.463988" elapsed="0.164517"/>
</kw>
<kw name="Set Variable" owner="BuiltIn">
<msg time="2025-06-11T02:36:03.629161" level="INFO">${token} = Bearer eyJhbGciOiJIUzI1NiIsInR5cCI6IkpXVCJ9.eyJlbWFpbCI6ImR1cGxpY2Fkb2xYVThAdGVzdGUuY29tIiwicGFzc3dvcmQiOiIxMjM0NTYiLCJpYXQiOjE3NDk2MjAxNjUsImV4cCI6MTc0OTYyMDc2NX0.u3dTWtHPto5eo87S7EWY5d_hnbT3RnpTtUXs...</msg>
<var>${token}</var>
<arg>${res.json()["authorization"]}</arg>
<doc>Returns the given values which can then be assigned to a variables.</doc>
<status status="PASS" start="2025-06-11T02:36:03.628722" elapsed="0.000460"/>
</kw>
<kw name="Create Dictionary" owner="BuiltIn">
<msg time="2025-06-11T02:36:03.629512" level="INFO">${headers} = {'Authorization': 'Bearer Bearer eyJhbGciOiJIUzI1NiIsInR5cCI6IkpXVCJ9.eyJlbWFpbCI6ImR1cGxpY2Fkb2xYVThAdGVzdGUuY29tIiwicGFzc3dvcmQiOiIxMjM0NTYiLCJpYXQiOjE3NDk2MjAxNjUsImV4cCI6MTc0OTYyMDc2NX0.u3dTWtHPto...</msg>
<var>${headers}</var>
<arg>Authorization=Bearer ${token}</arg>
<doc>Creates and returns a dictionary based on the given ``items``.</doc>
<status status="PASS" start="2025-06-11T02:36:03.629342" elapsed="0.000191"/>
</kw>
<kw name="Create Dictionary" owner="BuiltIn">
<msg time="2025-06-11T02:36:03.629884" level="INFO">${produto} = {'nome': 'ProdutoUnicolXU8', 'preco': '50', 'descricao': 'Teste', 'quantidade': '5'}</msg>
<var>${produto}</var>
<arg>nome=ProdutoUnico${rand}</arg>
<arg>preco=50</arg>
<arg>descricao=Teste</arg>
<arg>quantidade=5</arg>
<doc>Creates and returns a dictionary based on the given ``items``.</doc>
<status status="PASS" start="2025-06-11T02:36:03.629717" elapsed="0.000185"/>
</kw>
<kw name="POST On Session" owner="RequestsLibrary">
<msg time="2025-06-11T02:36:03.797311" level="INFO">POST Request : url=https://compassuol.serverest.dev/produtos 
 path_url=/produtos 
 headers={'User-Agent': 'python-requests/2.32.3', 'Accept-Encoding': 'gzip, deflate', 'Accept': '*/*', 'Connection': 'keep-alive', 'Authorization': 'Bearer Bearer eyJhbGciOiJIUzI1NiIsInR5cCI6IkpXVCJ9.eyJlbWFpbCI6ImR1cGxpY2Fkb2xYVThAdGVzdGUuY29tIiwicGFzc3dvcmQiOiIxMjM0NTYiLCJpYXQiOjE3NDk2MjAxNjUsImV4cCI6MTc0OTYyMDc2NX0.u3dTWtHPto5eo87S7EWY5d_hnbT3RnpTtUXsGTBW-M8', 'Content-Length': '84', 'Content-Type': 'application/json'} 
 body=b'{"nome": "ProdutoUnicolXU8", "preco": "50", "descricao": "Teste", "quantidade": "5"}' 
 </msg>
<msg time="2025-06-11T02:36:03.797395" level="INFO">POST Response : url=https://compassuol.serverest.dev/produtos 
 status=401, reason=Unauthorized 
 headers={'access-control-allow-origin': '*', 'x-dns-prefetch-control': 'off', 'x-frame-options': 'SAMEORIGIN', 'strict-transport-security': 'max-age=15552000; includeSubDomains', 'x-download-options': 'noopen', 'x-content-type-options': 'nosniff', 'x-xss-protection': '1; mode=block', 'content-type': 'application/json; charset=utf-8', 'x-cloud-trace-context': '965e92df28d5ddcd3e5553ad03bd5837', 'date': 'Wed, 11 Jun 2025 05:36:05 GMT', 'server': 'Google Frontend', 'Content-Length': '103'} 
 body={
    "message": "Token de acesso ausente, inválido, expirado ou usuário do token não existe mais"
} 
 </msg>
<msg time="2025-06-11T02:36:03.797467" level="INFO">C:\Users\mikec\AppData\Local\Programs\Python\Python313\Lib\site-packages\urllib3\connectionpool.py:1097: InsecureRequestWarning: Unverified HTTPS request is being made to host 'compassuol.serverest.dev'. Adding certificate verification is strongly advised. See: https://urllib3.readthedocs.io/en/latest/advanced-usage.html#tls-warnings
  warnings.warn(</msg>
<msg time="2025-06-11T02:36:03.797693" level="FAIL">HTTPError: 401 Client Error: Unauthorized for url: https://compassuol.serverest.dev/produtos</msg>
<arg>serve</arg>
<arg>/produtos</arg>
<arg>headers=${headers}</arg>
<arg>json=${produto}</arg>
<doc>Sends a POST request on a previously created HTTP Session.</doc>
<status status="FAIL" start="2025-06-11T02:36:03.630022" elapsed="0.168313">HTTPError: 401 Client Error: Unauthorized for url: https://compassuol.serverest.dev/produtos</status>
</kw>
<kw name="POST On Session" owner="RequestsLibrary">
<var>${res_dup}</var>
<arg>serve</arg>
<arg>/produtos</arg>
<arg>headers=${headers}</arg>
<arg>json=${produto}</arg>
<arg>expected_status=any</arg>
<doc>Sends a POST request on a previously created HTTP Session.</doc>
<status status="NOT RUN" start="2025-06-11T02:36:03.798546" elapsed="0.000022"/>
</kw>
<kw name="Status Should Be" owner="RequestsLibrary">
<arg>400</arg>
<arg>${res_dup}</arg>
<doc>Fails if response status code is different than the expected.</doc>
<status status="NOT RUN" start="2025-06-11T02:36:03.798692" elapsed="0.000015"/>
</kw>
<kw name="Should Contain" owner="BuiltIn">
<arg>${res_dup.json()["message"]}</arg>
<arg>Já existe produto com esse nome</arg>
<doc>Fails if ``container`` does not contain ``item`` one or more times.</doc>
<status status="NOT RUN" start="2025-06-11T02:36:03.798810" elapsed="0.000015"/>
</kw>
<status status="FAIL" start="2025-06-11T02:36:03.294084" elapsed="0.504911">HTTPError: 401 Client Error: Unauthorized for url: https://compassuol.serverest.dev/produtos</status>
</test>
<test id="s1-t3" name="CT033 - Cadastrar produto sem autenticação" line="41">
<kw name="Create Dictionary" owner="BuiltIn">
<msg time="2025-06-11T02:36:03.799968" level="INFO">${produto} = {'nome': 'SemToken', 'preco': '20', 'descricao': 'SemToken', 'quantidade': '5'}</msg>
<var>${produto}</var>
<arg>nome=SemToken</arg>
<arg>preco=20</arg>
<arg>descricao=SemToken</arg>
<arg>quantidade=5</arg>
<doc>Creates and returns a dictionary based on the given ``items``.</doc>
<status status="PASS" start="2025-06-11T02:36:03.799763" elapsed="0.000230"/>
</kw>
<kw name="POST On Session" owner="RequestsLibrary">
<msg time="2025-06-11T02:36:03.963610" level="INFO">POST Request : url=https://compassuol.serverest.dev/produtos 
 path_url=/produtos 
 headers={'User-Agent': 'python-requests/2.32.3', 'Accept-Encoding': 'gzip, deflate', 'Accept': '*/*', 'Connection': 'keep-alive', 'Content-Length': '79', 'Content-Type': 'application/json'} 
 body=b'{"nome": "SemToken", "preco": "20", "descricao": "SemToken", "quantidade": "5"}' 
 </msg>
<msg time="2025-06-11T02:36:03.963683" level="INFO">POST Response : url=https://compassuol.serverest.dev/produtos 
 status=401, reason=Unauthorized 
 headers={'access-control-allow-origin': '*', 'x-dns-prefetch-control': 'off', 'x-frame-options': 'SAMEORIGIN', 'strict-transport-security': 'max-age=15552000; includeSubDomains', 'x-download-options': 'noopen', 'x-content-type-options': 'nosniff', 'x-xss-protection': '1; mode=block', 'content-type': 'application/json; charset=utf-8', 'x-cloud-trace-context': '3793ae26689a17783e5553ad03bd5589', 'date': 'Wed, 11 Jun 2025 05:36:05 GMT', 'server': 'Google Frontend', 'Content-Length': '103'} 
 body={
    "message": "Token de acesso ausente, inválido, expirado ou usuário do token não existe mais"
} 
 </msg>
<msg time="2025-06-11T02:36:03.963737" level="INFO">C:\Users\mikec\AppData\Local\Programs\Python\Python313\Lib\site-packages\urllib3\connectionpool.py:1097: InsecureRequestWarning: Unverified HTTPS request is being made to host 'compassuol.serverest.dev'. Adding certificate verification is strongly advised. See: https://urllib3.readthedocs.io/en/latest/advanced-usage.html#tls-warnings
  warnings.warn(</msg>
<msg time="2025-06-11T02:36:03.963941" level="INFO">${res} = &lt;Response [401]&gt;</msg>
<var>${res}</var>
<arg>serve</arg>
<arg>/produtos</arg>
<arg>json=${produto}</arg>
<arg>expected_status=any</arg>
<doc>Sends a POST request on a previously created HTTP Session.</doc>
<status status="PASS" start="2025-06-11T02:36:03.800144" elapsed="0.163822"/>
</kw>
<kw name="Status Should Be" owner="RequestsLibrary">
<arg>401</arg>
<arg>${res}</arg>
<doc>Fails if response status code is different than the expected.</doc>
<status status="PASS" start="2025-06-11T02:36:03.964200" elapsed="0.000206"/>
</kw>
<kw name="Should Contain" owner="BuiltIn">
<arg>${res.json()["message"]}</arg>
<arg>Token de acesso ausente, inválido, expirado ou usuário do token não existe mais</arg>
<doc>Fails if ``container`` does not contain ``item`` one or more times.</doc>
<status status="PASS" start="2025-06-11T02:36:03.964576" elapsed="0.000408"/>
</kw>
<status status="PASS" start="2025-06-11T02:36:03.799380" elapsed="0.165754"/>
</test>
<test id="s1-t4" name="CT034 - Cadastrar produto com token inválido" line="47">
<kw name="Create Dictionary" owner="BuiltIn">
<msg time="2025-06-11T02:36:03.965833" level="INFO">${headers} = {'Authorization': 'Bearer 123abc.token.invalido'}</msg>
<var>${headers}</var>
<arg>Authorization=Bearer 123abc.token.invalido</arg>
<doc>Creates and returns a dictionary based on the given ``items``.</doc>
<status status="PASS" start="2025-06-11T02:36:03.965706" elapsed="0.000147"/>
</kw>
<kw name="Create Dictionary" owner="BuiltIn">
<msg time="2025-06-11T02:36:03.966100" level="INFO">${produto} = {'nome': 'TokenInvalido', 'preco': '20', 'descricao': 'TokenFail', 'quantidade': '1'}</msg>
<var>${produto}</var>
<arg>nome=TokenInvalido</arg>
<arg>preco=20</arg>
<arg>descricao=TokenFail</arg>
<arg>quantidade=1</arg>
<doc>Creates and returns a dictionary based on the given ``items``.</doc>
<status status="PASS" start="2025-06-11T02:36:03.965975" elapsed="0.000143"/>
</kw>
<kw name="POST On Session" owner="RequestsLibrary">
<msg time="2025-06-11T02:36:04.131927" level="INFO">POST Request : url=https://compassuol.serverest.dev/produtos 
 path_url=/produtos 
 headers={'User-Agent': 'python-requests/2.32.3', 'Accept-Encoding': 'gzip, deflate', 'Accept': '*/*', 'Connection': 'keep-alive', 'Authorization': 'Bearer 123abc.token.invalido', 'Content-Length': '85', 'Content-Type': 'application/json'} 
 body=b'{"nome": "TokenInvalido", "preco": "20", "descricao": "TokenFail", "quantidade": "1"}' 
 </msg>
<msg time="2025-06-11T02:36:04.132011" level="INFO">POST Response : url=https://compassuol.serverest.dev/produtos 
 status=401, reason=Unauthorized 
 headers={'access-control-allow-origin': '*', 'x-dns-prefetch-control': 'off', 'x-frame-options': 'SAMEORIGIN', 'strict-transport-security': 'max-age=15552000; includeSubDomains', 'x-download-options': 'noopen', 'x-content-type-options': 'nosniff', 'x-xss-protection': '1; mode=block', 'content-type': 'application/json; charset=utf-8', 'x-cloud-trace-context': 'e49a2714784ddc473e5553ad03bd5ca1', 'date': 'Wed, 11 Jun 2025 05:36:05 GMT', 'server': 'Google Frontend', 'Content-Length': '103'} 
 body={
    "message": "Token de acesso ausente, inválido, expirado ou usuário do token não existe mais"
} 
 </msg>
<msg time="2025-06-11T02:36:04.132071" level="INFO">C:\Users\mikec\AppData\Local\Programs\Python\Python313\Lib\site-packages\urllib3\connectionpool.py:1097: InsecureRequestWarning: Unverified HTTPS request is being made to host 'compassuol.serverest.dev'. Adding certificate verification is strongly advised. See: https://urllib3.readthedocs.io/en/latest/advanced-usage.html#tls-warnings
  warnings.warn(</msg>
<msg time="2025-06-11T02:36:04.132313" level="INFO">${res} = &lt;Response [401]&gt;</msg>
<var>${res}</var>
<arg>serve</arg>
<arg>/produtos</arg>
<arg>headers=${headers}</arg>
<arg>json=${produto}</arg>
<arg>expected_status=any</arg>
<doc>Sends a POST request on a previously created HTTP Session.</doc>
<status status="PASS" start="2025-06-11T02:36:03.966409" elapsed="0.165935"/>
</kw>
<kw name="Status Should Be" owner="RequestsLibrary">
<arg>401</arg>
<arg>${res}</arg>
<doc>Fails if response status code is different than the expected.</doc>
<status status="PASS" start="2025-06-11T02:36:04.132563" elapsed="0.000195"/>
</kw>
<kw name="Should Contain" owner="BuiltIn">
<arg>${res.json()["message"]}</arg>
<arg>Token de acesso ausente, inválido, expirado ou usuário do token não existe mais</arg>
<doc>Fails if ``container`` does not contain ``item`` one or more times.</doc>
<status status="PASS" start="2025-06-11T02:36:04.133054" elapsed="0.000338"/>
</kw>
<status status="PASS" start="2025-06-11T02:36:03.965411" elapsed="0.168123"/>
</test>
<test id="s1-t5" name="CT035 - Cadastrar produto com campos obrigatórios ausentes" line="54">
<kw name="Generate Random String" owner="String">
<msg time="2025-06-11T02:36:04.134237" level="INFO">${rand} = MyfG</msg>
<var>${rand}</var>
<arg>4</arg>
<doc>Generates a string with a desired ``length`` from the given ``chars``.</doc>
<status status="PASS" start="2025-06-11T02:36:04.134093" elapsed="0.000163"/>
</kw>
<kw name="Set Variable" owner="BuiltIn">
<msg time="2025-06-11T02:36:04.134479" level="INFO">${email} = camposMyfG@teste.com</msg>
<var>${email}</var>
<arg>campos${rand}@teste.com</arg>
<doc>Returns the given values which can then be assigned to a variables.</doc>
<status status="PASS" start="2025-06-11T02:36:04.134374" elapsed="0.000125"/>
</kw>
<kw name="Set Variable" owner="BuiltIn">
<msg time="2025-06-11T02:36:04.134687" level="INFO">${senha} = 123456</msg>
<var>${senha}</var>
<arg>123456</arg>
<doc>Returns the given values which can then be assigned to a variables.</doc>
<status status="PASS" start="2025-06-11T02:36:04.134608" elapsed="0.000095"/>
</kw>
<kw name="Create Dictionary" owner="BuiltIn">
<msg time="2025-06-11T02:36:04.134992" level="INFO">${usuario} = {'nome': 'Campos', 'email': 'camposMyfG@teste.com', 'password': '123456', 'administrador': 'true'}</msg>
<var>${usuario}</var>
<arg>nome=Campos</arg>
<arg>email=${email}</arg>
<arg>password=${senha}</arg>
<arg>administrador=true</arg>
<doc>Creates and returns a dictionary based on the given ``items``.</doc>
<status status="PASS" start="2025-06-11T02:36:04.134819" elapsed="0.000190"/>
</kw>
<kw name="POST On Session" owner="RequestsLibrary">
<msg time="2025-06-11T02:36:04.302929" level="INFO">POST Request : url=https://compassuol.serverest.dev/usuarios 
 path_url=/usuarios 
 headers={'User-Agent': 'python-requests/2.32.3', 'Accept-Encoding': 'gzip, deflate', 'Accept': '*/*', 'Connection': 'keep-alive', 'Content-Length': '98', 'Content-Type': 'application/json'} 
 body=b'{"nome": "Campos", "email": "camposMyfG@teste.com", "password": "123456", "administrador": "true"}' 
 </msg>
<msg time="2025-06-11T02:36:04.303009" level="INFO">POST Response : url=https://compassuol.serverest.dev/usuarios 
 status=201, reason=Created 
 headers={'access-control-allow-origin': '*', 'x-dns-prefetch-control': 'off', 'x-frame-options': 'SAMEORIGIN', 'strict-transport-security': 'max-age=15552000; includeSubDomains', 'x-download-options': 'noopen', 'x-content-type-options': 'nosniff', 'x-xss-protection': '1; mode=block', 'content-type': 'application/json; charset=utf-8', 'x-cloud-trace-context': '149253a3324da9a03e5553ad03bd55f2', 'date': 'Wed, 11 Jun 2025 05:36:05 GMT', 'server': 'Google Frontend', 'Content-Length': '82'} 
 body={
    "message": "Cadastro realizado com sucesso",
    "_id": "iVQwH18XYrJ8N5tZ"
} 
 </msg>
<msg time="2025-06-11T02:36:04.303066" level="INFO">C:\Users\mikec\AppData\Local\Programs\Python\Python313\Lib\site-packages\urllib3\connectionpool.py:1097: InsecureRequestWarning: Unverified HTTPS request is being made to host 'compassuol.serverest.dev'. Adding certificate verification is strongly advised. See: https://urllib3.readthedocs.io/en/latest/advanced-usage.html#tls-warnings
  warnings.warn(</msg>
<arg>serve</arg>
<arg>/usuarios</arg>
<arg>json=${usuario}</arg>
<doc>Sends a POST request on a previously created HTTP Session.</doc>
<status status="PASS" start="2025-06-11T02:36:04.135187" elapsed="0.168068"/>
</kw>
<kw name="Create Dictionary" owner="BuiltIn">
<msg time="2025-06-11T02:36:04.303869" level="INFO">${login} = {'email': 'camposMyfG@teste.com', 'password': '123456'}</msg>
<var>${login}</var>
<arg>email=${email}</arg>
<arg>password=${senha}</arg>
<doc>Creates and returns a dictionary based on the given ``items``.</doc>
<status status="PASS" start="2025-06-11T02:36:04.303605" elapsed="0.000298"/>
</kw>
<kw name="POST On Session" owner="RequestsLibrary">
<msg time="2025-06-11T02:36:04.474062" level="INFO">POST Request : url=https://compassuol.serverest.dev/login 
 path_url=/login 
 headers={'User-Agent': 'python-requests/2.32.3', 'Accept-Encoding': 'gzip, deflate', 'Accept': '*/*', 'Connection': 'keep-alive', 'Content-Length': '55', 'Content-Type': 'application/json'} 
 body=b'{"email": "camposMyfG@teste.com", "password": "123456"}' 
 </msg>
<msg time="2025-06-11T02:36:04.474141" level="INFO">POST Response : url=https://compassuol.serverest.dev/login 
 status=200, reason=OK 
 headers={'access-control-allow-origin': '*', 'x-dns-prefetch-control': 'off', 'x-frame-options': 'SAMEORIGIN', 'strict-transport-security': 'max-age=15552000; includeSubDomains', 'x-download-options': 'noopen', 'x-content-type-options': 'nosniff', 'x-xss-protection': '1; mode=block', 'content-type': 'application/json; charset=utf-8', 'x-cloud-trace-context': '35099f234e9416ac3e5553ad03bd53b5', 'date': 'Wed, 11 Jun 2025 05:36:06 GMT', 'server': 'Google Frontend', 'Content-Length': '276'} 
 body={
    "message": "Login realizado com sucesso",
    "authorization": "Bearer eyJhbGciOiJIUzI1NiIsInR5cCI6IkpXVCJ9.eyJlbWFpbCI6ImNhbXBvc015ZkdAdGVzdGUuY29tIiwicGFzc3dvcmQiOiIxMjM0NTYiLCJpYXQiOjE3NDk2MjAxNjYsImV4cCI6MTc0OTYyMDc2Nn0.7Fje42BbBcixTnZOok_KfWJ2IZKKHf_dk-onSrWDv00"
} 
 </msg>
<msg time="2025-06-11T02:36:04.474214" level="INFO">C:\Users\mikec\AppData\Local\Programs\Python\Python313\Lib\site-packages\urllib3\connectionpool.py:1097: InsecureRequestWarning: Unverified HTTPS request is being made to host 'compassuol.serverest.dev'. Adding certificate verification is strongly advised. See: https://urllib3.readthedocs.io/en/latest/advanced-usage.html#tls-warnings
  warnings.warn(</msg>
<msg time="2025-06-11T02:36:04.474446" level="INFO">${res} = &lt;Response [200]&gt;</msg>
<var>${res}</var>
<arg>serve</arg>
<arg>/login</arg>
<arg>json=${login}</arg>
<doc>Sends a POST request on a previously created HTTP Session.</doc>
<status status="PASS" start="2025-06-11T02:36:04.304058" elapsed="0.170421"/>
</kw>
<kw name="Set Variable" owner="BuiltIn">
<msg time="2025-06-11T02:36:04.475113" level="INFO">${token} = Bearer eyJhbGciOiJIUzI1NiIsInR5cCI6IkpXVCJ9.eyJlbWFpbCI6ImNhbXBvc015ZkdAdGVzdGUuY29tIiwicGFzc3dvcmQiOiIxMjM0NTYiLCJpYXQiOjE3NDk2MjAxNjYsImV4cCI6MTc0OTYyMDc2Nn0.7Fje42BbBcixTnZOok_KfWJ2IZKKHf_dk-onSrWD...</msg>
<var>${token}</var>
<arg>${res.json()["authorization"]}</arg>
<doc>Returns the given values which can then be assigned to a variables.</doc>
<status status="PASS" start="2025-06-11T02:36:04.474691" elapsed="0.000448"/>
</kw>
<kw name="Create Dictionary" owner="BuiltIn">
<msg time="2025-06-11T02:36:04.475673" level="INFO">${headers} = {'Authorization': 'Bearer Bearer eyJhbGciOiJIUzI1NiIsInR5cCI6IkpXVCJ9.eyJlbWFpbCI6ImNhbXBvc015ZkdAdGVzdGUuY29tIiwicGFzc3dvcmQiOiIxMjM0NTYiLCJpYXQiOjE3NDk2MjAxNjYsImV4cCI6MTc0OTYyMDc2Nn0.7Fje42BbBcixTn...</msg>
<var>${headers}</var>
<arg>Authorization=Bearer ${token}</arg>
<doc>Creates and returns a dictionary based on the given ``items``.</doc>
<status status="PASS" start="2025-06-11T02:36:04.475463" elapsed="0.000235"/>
</kw>
<kw name="Create Dictionary" owner="BuiltIn">
<msg time="2025-06-11T02:36:04.476048" level="INFO">${produto} = {'nome': 'ProdutoSemPreco'}</msg>
<var>${produto}</var>
<arg>nome=ProdutoSemPreco</arg>
<doc>Creates and returns a dictionary based on the given ``items``.</doc>
<status status="PASS" start="2025-06-11T02:36:04.475916" elapsed="0.000153"/>
</kw>
<kw name="POST On Session" owner="RequestsLibrary">
<msg time="2025-06-11T02:36:04.659456" level="INFO">POST Request : url=https://compassuol.serverest.dev/produtos 
 path_url=/produtos 
 headers={'User-Agent': 'python-requests/2.32.3', 'Accept-Encoding': 'gzip, deflate', 'Accept': '*/*', 'Connection': 'keep-alive', 'Authorization': 'Bearer Bearer eyJhbGciOiJIUzI1NiIsInR5cCI6IkpXVCJ9.eyJlbWFpbCI6ImNhbXBvc015ZkdAdGVzdGUuY29tIiwicGFzc3dvcmQiOiIxMjM0NTYiLCJpYXQiOjE3NDk2MjAxNjYsImV4cCI6MTc0OTYyMDc2Nn0.7Fje42BbBcixTnZOok_KfWJ2IZKKHf_dk-onSrWDv00', 'Content-Length': '27', 'Content-Type': 'application/json'} 
 body=b'{"nome": "ProdutoSemPreco"}' 
 </msg>
<msg time="2025-06-11T02:36:04.659531" level="INFO">POST Response : url=https://compassuol.serverest.dev/produtos 
 status=401, reason=Unauthorized 
 headers={'access-control-allow-origin': '*', 'x-dns-prefetch-control': 'off', 'x-frame-options': 'SAMEORIGIN', 'strict-transport-security': 'max-age=15552000; includeSubDomains', 'x-download-options': 'noopen', 'x-content-type-options': 'nosniff', 'x-xss-protection': '1; mode=block', 'content-type': 'application/json; charset=utf-8', 'x-cloud-trace-context': '7642a0cc948a6d2e3e5553ad03bd5340', 'date': 'Wed, 11 Jun 2025 05:36:06 GMT', 'server': 'Google Frontend', 'Content-Length': '103'} 
 body={
    "message": "Token de acesso ausente, inválido, expirado ou usuário do token não existe mais"
} 
 </msg>
<msg time="2025-06-11T02:36:04.659584" level="INFO">C:\Users\mikec\AppData\Local\Programs\Python\Python313\Lib\site-packages\urllib3\connectionpool.py:1097: InsecureRequestWarning: Unverified HTTPS request is being made to host 'compassuol.serverest.dev'. Adding certificate verification is strongly advised. See: https://urllib3.readthedocs.io/en/latest/advanced-usage.html#tls-warnings
  warnings.warn(</msg>
<msg time="2025-06-11T02:36:04.659818" level="INFO">${res} = &lt;Response [401]&gt;</msg>
<var>${res}</var>
<arg>serve</arg>
<arg>/produtos</arg>
<arg>headers=${headers}</arg>
<arg>json=${produto}</arg>
<arg>expected_status=any</arg>
<doc>Sends a POST request on a previously created HTTP Session.</doc>
<status status="PASS" start="2025-06-11T02:36:04.476201" elapsed="0.183648"/>
</kw>
<kw name="Status Should Be" owner="RequestsLibrary">
<msg time="2025-06-11T02:36:04.660294" level="FAIL">Url: https://compassuol.serverest.dev/produtos Expected status: 401 != 400</msg>
<arg>400</arg>
<arg>${res}</arg>
<doc>Fails if response status code is different than the expected.</doc>
<status status="FAIL" start="2025-06-11T02:36:04.660069" elapsed="0.001264">Url: https://compassuol.serverest.dev/produtos Expected status: 401 != 400</status>
</kw>
<kw name="Should Contain" owner="BuiltIn">
<arg>${res.text}</arg>
<arg>preco é obrigatório</arg>
<doc>Fails if ``container`` does not contain ``item`` one or more times.</doc>
<status status="NOT RUN" start="2025-06-11T02:36:04.661506" elapsed="0.000021"/>
</kw>
<status status="FAIL" start="2025-06-11T02:36:04.133824" elapsed="0.527858">Url: https://compassuol.serverest.dev/produtos Expected status: 401 != 400</status>
</test>
<test id="s1-t6" name="CT036 - Atualizar produto com ID inexistente" line="69">
<kw name="Generate Random String" owner="String">
<msg time="2025-06-11T02:36:04.662455" level="INFO">${rand} = Fvr</msg>
<var>${rand}</var>
<arg>3</arg>
<doc>Generates a string with a desired ``length`` from the given ``chars``.</doc>
<status status="PASS" start="2025-06-11T02:36:04.662305" elapsed="0.000169"/>
</kw>
<kw name="Set Variable" owner="BuiltIn">
<msg time="2025-06-11T02:36:04.662700" level="INFO">${email} = updFvr@teste.com</msg>
<var>${email}</var>
<arg>upd${rand}@teste.com</arg>
<doc>Returns the given values which can then be assigned to a variables.</doc>
<status status="PASS" start="2025-06-11T02:36:04.662593" elapsed="0.000124"/>
</kw>
<kw name="Set Variable" owner="BuiltIn">
<msg time="2025-06-11T02:36:04.662903" level="INFO">${senha} = 123456</msg>
<var>${senha}</var>
<arg>123456</arg>
<doc>Returns the given values which can then be assigned to a variables.</doc>
<status status="PASS" start="2025-06-11T02:36:04.662828" elapsed="0.000091"/>
</kw>
<kw name="Create Dictionary" owner="BuiltIn">
<msg time="2025-06-11T02:36:04.663254" level="INFO">${usuario} = {'nome': 'UpdateFake', 'email': 'updFvr@teste.com', 'password': '123456', 'administrador': 'true'}</msg>
<var>${usuario}</var>
<arg>nome=UpdateFake</arg>
<arg>email=${email}</arg>
<arg>password=${senha}</arg>
<arg>administrador=true</arg>
<doc>Creates and returns a dictionary based on the given ``items``.</doc>
<status status="PASS" start="2025-06-11T02:36:04.663077" elapsed="0.000195"/>
</kw>
<kw name="POST On Session" owner="RequestsLibrary">
<msg time="2025-06-11T02:36:04.831554" level="INFO">POST Request : url=https://compassuol.serverest.dev/usuarios 
 path_url=/usuarios 
 headers={'User-Agent': 'python-requests/2.32.3', 'Accept-Encoding': 'gzip, deflate', 'Accept': '*/*', 'Connection': 'keep-alive', 'Content-Length': '98', 'Content-Type': 'application/json'} 
 body=b'{"nome": "UpdateFake", "email": "updFvr@teste.com", "password": "123456", "administrador": "true"}' 
 </msg>
<msg time="2025-06-11T02:36:04.831633" level="INFO">POST Response : url=https://compassuol.serverest.dev/usuarios 
 status=201, reason=Created 
 headers={'access-control-allow-origin': '*', 'x-dns-prefetch-control': 'off', 'x-frame-options': 'SAMEORIGIN', 'strict-transport-security': 'max-age=15552000; includeSubDomains', 'x-download-options': 'noopen', 'x-content-type-options': 'nosniff', 'x-xss-protection': '1; mode=block', 'content-type': 'application/json; charset=utf-8', 'x-cloud-trace-context': 'bc8df2b820b884c13e5553ad03bd55e6', 'date': 'Wed, 11 Jun 2025 05:36:06 GMT', 'server': 'Google Frontend', 'Content-Length': '82'} 
 body={
    "message": "Cadastro realizado com sucesso",
    "_id": "KHXisLlThXF642df"
} 
 </msg>
<msg time="2025-06-11T02:36:04.831689" level="INFO">C:\Users\mikec\AppData\Local\Programs\Python\Python313\Lib\site-packages\urllib3\connectionpool.py:1097: InsecureRequestWarning: Unverified HTTPS request is being made to host 'compassuol.serverest.dev'. Adding certificate verification is strongly advised. See: https://urllib3.readthedocs.io/en/latest/advanced-usage.html#tls-warnings
  warnings.warn(</msg>
<arg>serve</arg>
<arg>/usuarios</arg>
<arg>json=${usuario}</arg>
<doc>Sends a POST request on a previously created HTTP Session.</doc>
<status status="PASS" start="2025-06-11T02:36:04.663385" elapsed="0.168484"/>
</kw>
<kw name="Create Dictionary" owner="BuiltIn">
<msg time="2025-06-11T02:36:04.832366" level="INFO">${login} = {'email': 'updFvr@teste.com', 'password': '123456'}</msg>
<var>${login}</var>
<arg>email=${email}</arg>
<arg>password=${senha}</arg>
<doc>Creates and returns a dictionary based on the given ``items``.</doc>
<status status="PASS" start="2025-06-11T02:36:04.832106" elapsed="0.000285"/>
</kw>
<kw name="POST On Session" owner="RequestsLibrary">
<msg time="2025-06-11T02:36:05.005945" level="INFO">POST Request : url=https://compassuol.serverest.dev/login 
 path_url=/login 
 headers={'User-Agent': 'python-requests/2.32.3', 'Accept-Encoding': 'gzip, deflate', 'Accept': '*/*', 'Connection': 'keep-alive', 'Content-Length': '51', 'Content-Type': 'application/json'} 
 body=b'{"email": "updFvr@teste.com", "password": "123456"}' 
 </msg>
<msg time="2025-06-11T02:36:05.006024" level="INFO">POST Response : url=https://compassuol.serverest.dev/login 
 status=200, reason=OK 
 headers={'access-control-allow-origin': '*', 'x-dns-prefetch-control': 'off', 'x-frame-options': 'SAMEORIGIN', 'strict-transport-security': 'max-age=15552000; includeSubDomains', 'x-download-options': 'noopen', 'x-content-type-options': 'nosniff', 'x-xss-protection': '1; mode=block', 'content-type': 'application/json; charset=utf-8', 'x-cloud-trace-context': '0e8408f086229a523e5553ad03bd53a9', 'date': 'Wed, 11 Jun 2025 05:36:06 GMT', 'server': 'Google Frontend', 'Content-Length': '271'} 
 body={
    "message": "Login realizado com sucesso",
    "authorization": "Bearer eyJhbGciOiJIUzI1NiIsInR5cCI6IkpXVCJ9.eyJlbWFpbCI6InVwZEZ2ckB0ZXN0ZS5jb20iLCJwYXNzd29yZCI6IjEyMzQ1NiIsImlhdCI6MTc0OTYyMDE2NiwiZXhwIjoxNzQ5NjIwNzY2fQ.cnE9XnICN_cLa45w6Qiyr_4VLEVVyWYbkuYXc8o-o0E"
} 
 </msg>
<msg time="2025-06-11T02:36:05.006121" level="INFO">C:\Users\mikec\AppData\Local\Programs\Python\Python313\Lib\site-packages\urllib3\connectionpool.py:1097: InsecureRequestWarning: Unverified HTTPS request is being made to host 'compassuol.serverest.dev'. Adding certificate verification is strongly advised. See: https://urllib3.readthedocs.io/en/latest/advanced-usage.html#tls-warnings
  warnings.warn(</msg>
<msg time="2025-06-11T02:36:05.006357" level="INFO">${res} = &lt;Response [200]&gt;</msg>
<var>${res}</var>
<arg>serve</arg>
<arg>/login</arg>
<arg>json=${login}</arg>
<doc>Sends a POST request on a previously created HTTP Session.</doc>
<status status="PASS" start="2025-06-11T02:36:04.832548" elapsed="0.173840"/>
</kw>
<kw name="Set Variable" owner="BuiltIn">
<msg time="2025-06-11T02:36:05.007032" level="INFO">${token} = Bearer eyJhbGciOiJIUzI1NiIsInR5cCI6IkpXVCJ9.eyJlbWFpbCI6InVwZEZ2ckB0ZXN0ZS5jb20iLCJwYXNzd29yZCI6IjEyMzQ1NiIsImlhdCI6MTc0OTYyMDE2NiwiZXhwIjoxNzQ5NjIwNzY2fQ.cnE9XnICN_cLa45w6Qiyr_4VLEVVyWYbkuYXc8o-o0E</msg>
<var>${token}</var>
<arg>${res.json()["authorization"]}</arg>
<doc>Returns the given values which can then be assigned to a variables.</doc>
<status status="PASS" start="2025-06-11T02:36:05.006608" elapsed="0.000449"/>
</kw>
<kw name="Create Dictionary" owner="BuiltIn">
<msg time="2025-06-11T02:36:05.007409" level="INFO">${headers} = {'Authorization': 'Bearer Bearer eyJhbGciOiJIUzI1NiIsInR5cCI6IkpXVCJ9.eyJlbWFpbCI6InVwZEZ2ckB0ZXN0ZS5jb20iLCJwYXNzd29yZCI6IjEyMzQ1NiIsImlhdCI6MTc0OTYyMDE2NiwiZXhwIjoxNzQ5NjIwNzY2fQ.cnE9XnICN_cLa45w6Qi...</msg>
<var>${headers}</var>
<arg>Authorization=Bearer ${token}</arg>
<doc>Creates and returns a dictionary based on the given ``items``.</doc>
<status status="PASS" start="2025-06-11T02:36:05.007238" elapsed="0.000191"/>
</kw>
<kw name="Create Dictionary" owner="BuiltIn">
<msg time="2025-06-11T02:36:05.007780" level="INFO">${produto} = {'nome': 'Atualiza', 'preco': '30', 'descricao': 'Update', 'quantidade': '3'}</msg>
<var>${produto}</var>
<arg>nome=Atualiza</arg>
<arg>preco=30</arg>
<arg>descricao=Update</arg>
<arg>quantidade=3</arg>
<doc>Creates and returns a dictionary based on the given ``items``.</doc>
<status status="PASS" start="2025-06-11T02:36:05.007651" elapsed="0.000148"/>
</kw>
<kw name="PUT On Session" owner="RequestsLibrary">
<msg time="2025-06-11T02:36:05.179324" level="INFO">PUT Request : url=https://compassuol.serverest.dev/produtos/000000000000000000000000 
 path_url=/produtos/000000000000000000000000 
 headers={'User-Agent': 'python-requests/2.32.3', 'Accept-Encoding': 'gzip, deflate', 'Accept': '*/*', 'Connection': 'keep-alive', 'Authorization': 'Bearer Bearer eyJhbGciOiJIUzI1NiIsInR5cCI6IkpXVCJ9.eyJlbWFpbCI6InVwZEZ2ckB0ZXN0ZS5jb20iLCJwYXNzd29yZCI6IjEyMzQ1NiIsImlhdCI6MTc0OTYyMDE2NiwiZXhwIjoxNzQ5NjIwNzY2fQ.cnE9XnICN_cLa45w6Qiyr_4VLEVVyWYbkuYXc8o-o0E', 'Content-Length': '77', 'Content-Type': 'application/json'} 
 body=b'{"nome": "Atualiza", "preco": "30", "descricao": "Update", "quantidade": "3"}' 
 </msg>
<msg time="2025-06-11T02:36:05.179408" level="INFO">PUT Response : url=https://compassuol.serverest.dev/produtos/000000000000000000000000 
 status=401, reason=Unauthorized 
 headers={'access-control-allow-origin': '*', 'x-dns-prefetch-control': 'off', 'x-frame-options': 'SAMEORIGIN', 'strict-transport-security': 'max-age=15552000; includeSubDomains', 'x-download-options': 'noopen', 'x-content-type-options': 'nosniff', 'x-xss-protection': '1; mode=block', 'content-type': 'application/json; charset=utf-8', 'x-cloud-trace-context': '935105feb51d872e3e5553ad03bd58f9', 'date': 'Wed, 11 Jun 2025 05:36:06 GMT', 'server': 'Google Frontend', 'Content-Length': '103'} 
 body={
    "message": "Token de acesso ausente, inválido, expirado ou usuário do token não existe mais"
} 
 </msg>
<msg time="2025-06-11T02:36:05.179469" level="INFO">C:\Users\mikec\AppData\Local\Programs\Python\Python313\Lib\site-packages\urllib3\connectionpool.py:1097: InsecureRequestWarning: Unverified HTTPS request is being made to host 'compassuol.serverest.dev'. Adding certificate verification is strongly advised. See: https://urllib3.readthedocs.io/en/latest/advanced-usage.html#tls-warnings
  warnings.warn(</msg>
<msg time="2025-06-11T02:36:05.179815" level="INFO">${res} = &lt;Response [401]&gt;</msg>
<var>${res}</var>
<arg>serve</arg>
<arg>/produtos/000000000000000000000000</arg>
<arg>headers=${headers}</arg>
<arg>json=${produto}</arg>
<arg>expected_status=any</arg>
<doc>Sends a PUT request on a previously created HTTP Session.</doc>
<status status="PASS" start="2025-06-11T02:36:05.007937" elapsed="0.171911"/>
</kw>
<kw name="Status Should Be" owner="RequestsLibrary">
<msg time="2025-06-11T02:36:05.180302" level="FAIL">Url: https://compassuol.serverest.dev/produtos/000000000000000000000000 Expected status: 401 != 400</msg>
<arg>400</arg>
<arg>${res}</arg>
<doc>Fails if response status code is different than the expected.</doc>
<status status="FAIL" start="2025-06-11T02:36:05.180074" elapsed="0.000821">Url: https://compassuol.serverest.dev/produtos/000000000000000000000000 Expected status: 401 != 400</status>
</kw>
<kw name="Should Contain" owner="BuiltIn">
<arg>${res.text}</arg>
<arg>Produto não encontrado</arg>
<doc>Fails if ``container`` does not contain ``item`` one or more times.</doc>
<status status="NOT RUN" start="2025-06-11T02:36:05.181057" elapsed="0.000019"/>
</kw>
<status status="FAIL" start="2025-06-11T02:36:04.662034" elapsed="0.519193">Url: https://compassuol.serverest.dev/produtos/000000000000000000000000 Expected status: 401 != 400</status>
</test>
<status status="FAIL" start="2025-06-11T02:36:02.220891" elapsed="2.960811"/>
</suite>
<statistics>
<total>
<stat pass="2" fail="4" skip="0">All Tests</stat>
</total>
<tag>
</tag>
<suite>
<stat name="Produtos" id="s1" pass="2" fail="4" skip="0">Produtos</stat>
</suite>
</statistics>
<errors>
</errors>
</robot>
