<?xml version="1.0" encoding="UTF-8"?>
<robot generator="Robot 7.2.2 (Python 3.13.2 on win32)" generated="2025-06-15T12:49:43.524568" rpa="false" schemaversion="5">
<suite id="s1" name="Tests" source="C:\Users\mikec\OneDrive\Videos\Desktop\Compass\challenge-pb\tests">
<suite id="s1-s1" name="Login" source="C:\Users\mikec\OneDrive\Videos\Desktop\Compass\challenge-pb\tests\login.robot">
<kw name="Create Session" owner="RequestsLibrary" type="SETUP">
<msg time="2025-06-15T12:49:43.953919" level="INFO">Creating Session using : alias=serve, url=https://compassuol.serverest.dev, headers={},                     cookies={}, auth=None, timeout=None, proxies=None, verify=False,                     debug=0 </msg>
<arg>serve</arg>
<arg>${BASE_URL}</arg>
<doc>Create Session: create a HTTP session to a server</doc>
<status status="PASS" start="2025-06-15T12:49:43.953695" elapsed="0.000431"/>
</kw>
<test id="s1-s1-t1" name="CT021 - Login com credenciais válidas" line="10">
<kw name="Generate Random String" owner="String">
<msg time="2025-06-15T12:49:43.954912" level="INFO">${rand} = CH1Zr</msg>
<var>${rand}</var>
<arg>5</arg>
<doc>Generates a string with a desired ``length`` from the given ``chars``.</doc>
<status status="PASS" start="2025-06-15T12:49:43.954662" elapsed="0.000280"/>
</kw>
<kw name="Set Variable" owner="BuiltIn">
<msg time="2025-06-15T12:49:43.955270" level="INFO">${email} = validoCH1Zr@teste.com</msg>
<var>${email}</var>
<arg>valido${rand}@teste.com</arg>
<doc>Returns the given values which can then be assigned to a variables.</doc>
<status status="PASS" start="2025-06-15T12:49:43.955117" elapsed="0.000176"/>
</kw>
<kw name="Set Variable" owner="BuiltIn">
<msg time="2025-06-15T12:49:43.955524" level="INFO">${senha} = 123456</msg>
<var>${senha}</var>
<arg>123456</arg>
<doc>Returns the given values which can then be assigned to a variables.</doc>
<status status="PASS" start="2025-06-15T12:49:43.955432" elapsed="0.000112"/>
</kw>
<kw name="Create Dictionary" owner="BuiltIn">
<msg time="2025-06-15T12:49:43.955923" level="INFO">${body} = {'nome': 'LoginValido', 'email': 'validoCH1Zr@teste.com', 'password': '123456', 'administrador': 'true'}</msg>
<var>${body}</var>
<arg>nome=LoginValido</arg>
<arg>email=${email}</arg>
<arg>password=${senha}</arg>
<arg>administrador=true</arg>
<doc>Creates and returns a dictionary based on the given ``items``.</doc>
<status status="PASS" start="2025-06-15T12:49:43.955667" elapsed="0.000276"/>
</kw>
<kw name="POST On Session" owner="RequestsLibrary">
<msg time="2025-06-15T12:49:51.748258" level="INFO">POST Request : url=https://compassuol.serverest.dev/usuarios 
 path_url=/usuarios 
 headers={'User-Agent': 'python-requests/2.32.3', 'Accept-Encoding': 'gzip, deflate', 'Accept': '*/*', 'Connection': 'keep-alive', 'Content-Length': '104', 'Content-Type': 'application/json'} 
 body=b'{"nome": "LoginValido", "email": "validoCH1Zr@teste.com", "password": "123456", "administrador": "true"}' 
 </msg>
<msg time="2025-06-15T12:49:51.748362" level="INFO">POST Response : url=https://compassuol.serverest.dev/usuarios 
 status=201, reason=Created 
 headers={'access-control-allow-origin': '*', 'x-dns-prefetch-control': 'off', 'x-frame-options': 'SAMEORIGIN', 'strict-transport-security': 'max-age=15552000; includeSubDomains', 'x-download-options': 'noopen', 'x-content-type-options': 'nosniff', 'x-xss-protection': '1; mode=block', 'content-type': 'application/json; charset=utf-8', 'x-cloud-trace-context': 'cc77a0bbad7612441a23d0289a824074;o=1', 'date': 'Sun, 15 Jun 2025 15:49:52 GMT', 'server': 'Google Frontend', 'Content-Length': '82'} 
 body={
    "message": "Cadastro realizado com sucesso",
    "_id": "2uTZZehWu0EzBxe6"
} 
 </msg>
<msg time="2025-06-15T12:49:51.748420" level="INFO">C:\Users\mikec\AppData\Local\Programs\Python\Python313\Lib\site-packages\urllib3\connectionpool.py:1097: InsecureRequestWarning: Unverified HTTPS request is being made to host 'compassuol.serverest.dev'. Adding certificate verification is strongly advised. See: https://urllib3.readthedocs.io/en/latest/advanced-usage.html#tls-warnings
  warnings.warn(</msg>
<arg>serve</arg>
<arg>/usuarios</arg>
<arg>json=${body}</arg>
<doc>Sends a POST request on a previously created HTTP Session.</doc>
<status status="PASS" start="2025-06-15T12:49:43.956060" elapsed="7.792539"/>
</kw>
<kw name="Create Dictionary" owner="BuiltIn">
<msg time="2025-06-15T12:49:51.749122" level="INFO">${login} = {'email': 'validoCH1Zr@teste.com', 'password': '123456'}</msg>
<var>${login}</var>
<arg>email=${email}</arg>
<arg>password=${senha}</arg>
<doc>Creates and returns a dictionary based on the given ``items``.</doc>
<status status="PASS" start="2025-06-15T12:49:51.748835" elapsed="0.000311"/>
</kw>
<kw name="POST On Session" owner="RequestsLibrary">
<msg time="2025-06-15T12:49:51.926305" level="INFO">POST Request : url=https://compassuol.serverest.dev/login 
 path_url=/login 
 headers={'User-Agent': 'python-requests/2.32.3', 'Accept-Encoding': 'gzip, deflate', 'Accept': '*/*', 'Connection': 'keep-alive', 'Content-Length': '56', 'Content-Type': 'application/json'} 
 body=b'{"email": "validoCH1Zr@teste.com", "password": "123456"}' 
 </msg>
<msg time="2025-06-15T12:49:51.926387" level="INFO">POST Response : url=https://compassuol.serverest.dev/login 
 status=200, reason=OK 
 headers={'access-control-allow-origin': '*', 'x-dns-prefetch-control': 'off', 'x-frame-options': 'SAMEORIGIN', 'strict-transport-security': 'max-age=15552000; includeSubDomains', 'x-download-options': 'noopen', 'x-content-type-options': 'nosniff', 'x-xss-protection': '1; mode=block', 'content-type': 'application/json; charset=utf-8', 'x-cloud-trace-context': 'a480291c8e3b6ca01a23d0289a824592', 'date': 'Sun, 15 Jun 2025 15:49:52 GMT', 'server': 'Google Frontend', 'Content-Length': '277'} 
 body={
    "message": "Login realizado com sucesso",
    "authorization": "Bearer eyJhbGciOiJIUzI1NiIsInR5cCI6IkpXVCJ9.eyJlbWFpbCI6InZhbGlkb0NIMVpyQHRlc3RlLmNvbSIsInBhc3N3b3JkIjoiMTIzNDU2IiwiaWF0IjoxNzUwMDAyNTkyLCJleHAiOjE3NTAwMDMxOTJ9.dxYoJSQowQvRySjNORvqopMelqLHFMtuxxbSwr7NZaI"
} 
 </msg>
<msg time="2025-06-15T12:49:51.926468" level="INFO">C:\Users\mikec\AppData\Local\Programs\Python\Python313\Lib\site-packages\urllib3\connectionpool.py:1097: InsecureRequestWarning: Unverified HTTPS request is being made to host 'compassuol.serverest.dev'. Adding certificate verification is strongly advised. See: https://urllib3.readthedocs.io/en/latest/advanced-usage.html#tls-warnings
  warnings.warn(</msg>
<msg time="2025-06-15T12:49:51.926711" level="INFO">${res} = &lt;Response [200]&gt;</msg>
<var>${res}</var>
<arg>serve</arg>
<arg>/login</arg>
<arg>json=${login}</arg>
<doc>Sends a POST request on a previously created HTTP Session.</doc>
<status status="PASS" start="2025-06-15T12:49:51.749306" elapsed="0.177436"/>
</kw>
<kw name="Status Should Be" owner="RequestsLibrary">
<arg>200</arg>
<arg>${res}</arg>
<doc>Fails if response status code is different than the expected.</doc>
<status status="PASS" start="2025-06-15T12:49:51.926963" elapsed="0.000240"/>
</kw>
<kw name="Should Contain" owner="BuiltIn">
<arg>${res.json()}</arg>
<arg>authorization</arg>
<doc>Fails if ``container`` does not contain ``item`` one or more times.</doc>
<status status="PASS" start="2025-06-15T12:49:51.927368" elapsed="0.000418"/>
</kw>
<status status="PASS" start="2025-06-15T12:49:43.954270" elapsed="7.973710"/>
</test>
<test id="s1-s1-t2" name="CT022 - Login com e-mail não cadastrado" line="21">
<kw name="Create Dictionary" owner="BuiltIn">
<msg time="2025-06-15T12:49:51.928695" level="INFO">${login} = {'email': 'naocadastrado@teste.com', 'password': '123456'}</msg>
<var>${login}</var>
<arg>email=naocadastrado@teste.com</arg>
<arg>password=123456</arg>
<doc>Creates and returns a dictionary based on the given ``items``.</doc>
<status status="PASS" start="2025-06-15T12:49:51.928559" elapsed="0.000155"/>
</kw>
<kw name="POST On Session" owner="RequestsLibrary">
<msg time="2025-06-15T12:49:52.096904" level="INFO">POST Request : url=https://compassuol.serverest.dev/login 
 path_url=/login 
 headers={'User-Agent': 'python-requests/2.32.3', 'Accept-Encoding': 'gzip, deflate', 'Accept': '*/*', 'Connection': 'keep-alive', 'Content-Length': '58', 'Content-Type': 'application/json'} 
 body=b'{"email": "naocadastrado@teste.com", "password": "123456"}' 
 </msg>
<msg time="2025-06-15T12:49:52.097134" level="INFO">POST Response : url=https://compassuol.serverest.dev/login 
 status=401, reason=Unauthorized 
 headers={'access-control-allow-origin': '*', 'x-dns-prefetch-control': 'off', 'x-frame-options': 'SAMEORIGIN', 'strict-transport-security': 'max-age=15552000; includeSubDomains', 'x-download-options': 'noopen', 'x-content-type-options': 'nosniff', 'x-xss-protection': '1; mode=block', 'content-type': 'application/json; charset=utf-8', 'x-cloud-trace-context': '26d369d95fc483d31a23d0289a824def', 'date': 'Sun, 15 Jun 2025 15:49:52 GMT', 'server': 'Google Frontend', 'Content-Length': '48'} 
 body={
    "message": "Email e/ou senha inválidos"
} 
 </msg>
<msg time="2025-06-15T12:49:52.097193" level="INFO">C:\Users\mikec\AppData\Local\Programs\Python\Python313\Lib\site-packages\urllib3\connectionpool.py:1097: InsecureRequestWarning: Unverified HTTPS request is being made to host 'compassuol.serverest.dev'. Adding certificate verification is strongly advised. See: https://urllib3.readthedocs.io/en/latest/advanced-usage.html#tls-warnings
  warnings.warn(</msg>
<msg time="2025-06-15T12:49:52.097408" level="INFO">${res} = &lt;Response [401]&gt;</msg>
<var>${res}</var>
<arg>serve</arg>
<arg>/login</arg>
<arg>json=${login}</arg>
<arg>expected_status=any</arg>
<doc>Sends a POST request on a previously created HTTP Session.</doc>
<status status="PASS" start="2025-06-15T12:49:51.928835" elapsed="0.168603"/>
</kw>
<kw name="Status Should Be" owner="RequestsLibrary">
<arg>401</arg>
<arg>${res}</arg>
<doc>Fails if response status code is different than the expected.</doc>
<status status="PASS" start="2025-06-15T12:49:52.097649" elapsed="0.000194"/>
</kw>
<kw name="Should Contain" owner="BuiltIn">
<arg>${res.json()["message"]}</arg>
<arg>Email e/ou senha inválidos</arg>
<doc>Fails if ``container`` does not contain ``item`` one or more times.</doc>
<status status="PASS" start="2025-06-15T12:49:52.097992" elapsed="0.000354"/>
</kw>
<status status="PASS" start="2025-06-15T12:49:51.928275" elapsed="0.170209"/>
</test>
<test id="s1-s1-t3" name="CT023 - Login com senha incorreta" line="27">
<kw name="Generate Random String" owner="String">
<msg time="2025-06-15T12:49:52.099216" level="INFO">${rand} = ADb7</msg>
<var>${rand}</var>
<arg>4</arg>
<doc>Generates a string with a desired ``length`` from the given ``chars``.</doc>
<status status="PASS" start="2025-06-15T12:49:52.099070" elapsed="0.000165"/>
</kw>
<kw name="Set Variable" owner="BuiltIn">
<msg time="2025-06-15T12:49:52.099742" level="INFO">${email} = senhaerradaADb7@teste.com</msg>
<var>${email}</var>
<arg>senhaerrada${rand}@teste.com</arg>
<doc>Returns the given values which can then be assigned to a variables.</doc>
<status status="PASS" start="2025-06-15T12:49:52.099352" elapsed="0.000409"/>
</kw>
<kw name="Create Dictionary" owner="BuiltIn">
<msg time="2025-06-15T12:49:52.100039" level="INFO">${body} = {'nome': 'SenhaErrada', 'email': 'senhaerradaADb7@teste.com', 'password': '123456', 'administrador': 'true'}</msg>
<var>${body}</var>
<arg>nome=SenhaErrada</arg>
<arg>email=${email}</arg>
<arg>password=123456</arg>
<arg>administrador=true</arg>
<doc>Creates and returns a dictionary based on the given ``items``.</doc>
<status status="PASS" start="2025-06-15T12:49:52.099880" elapsed="0.000178"/>
</kw>
<kw name="POST On Session" owner="RequestsLibrary">
<msg time="2025-06-15T12:49:52.267914" level="INFO">POST Request : url=https://compassuol.serverest.dev/usuarios 
 path_url=/usuarios 
 headers={'User-Agent': 'python-requests/2.32.3', 'Accept-Encoding': 'gzip, deflate', 'Accept': '*/*', 'Connection': 'keep-alive', 'Content-Length': '108', 'Content-Type': 'application/json'} 
 body=b'{"nome": "SenhaErrada", "email": "senhaerradaADb7@teste.com", "password": "123456", "administrador": "true"}' 
 </msg>
<msg time="2025-06-15T12:49:52.267996" level="INFO">POST Response : url=https://compassuol.serverest.dev/usuarios 
 status=201, reason=Created 
 headers={'access-control-allow-origin': '*', 'x-dns-prefetch-control': 'off', 'x-frame-options': 'SAMEORIGIN', 'strict-transport-security': 'max-age=15552000; includeSubDomains', 'x-download-options': 'noopen', 'x-content-type-options': 'nosniff', 'x-xss-protection': '1; mode=block', 'content-type': 'application/json; charset=utf-8', 'x-cloud-trace-context': '6c0ae6da8e4222921a23d0289a824168', 'date': 'Sun, 15 Jun 2025 15:49:53 GMT', 'server': 'Google Frontend', 'Content-Length': '82'} 
 body={
    "message": "Cadastro realizado com sucesso",
    "_id": "nbb1SxYlGvX3on8E"
} 
 </msg>
<msg time="2025-06-15T12:49:52.268068" level="INFO">C:\Users\mikec\AppData\Local\Programs\Python\Python313\Lib\site-packages\urllib3\connectionpool.py:1097: InsecureRequestWarning: Unverified HTTPS request is being made to host 'compassuol.serverest.dev'. Adding certificate verification is strongly advised. See: https://urllib3.readthedocs.io/en/latest/advanced-usage.html#tls-warnings
  warnings.warn(</msg>
<arg>serve</arg>
<arg>/usuarios</arg>
<arg>json=${body}</arg>
<doc>Sends a POST request on a previously created HTTP Session.</doc>
<status status="PASS" start="2025-06-15T12:49:52.100175" elapsed="0.168078"/>
</kw>
<kw name="Create Dictionary" owner="BuiltIn">
<msg time="2025-06-15T12:49:52.268676" level="INFO">${login} = {'email': 'senhaerradaADb7@teste.com', 'password': 'senhaerrada'}</msg>
<var>${login}</var>
<arg>email=${email}</arg>
<arg>password=senhaerrada</arg>
<doc>Creates and returns a dictionary based on the given ``items``.</doc>
<status status="PASS" start="2025-06-15T12:49:52.268462" elapsed="0.000234"/>
</kw>
<kw name="POST On Session" owner="RequestsLibrary">
<msg time="2025-06-15T12:49:52.435719" level="INFO">POST Request : url=https://compassuol.serverest.dev/login 
 path_url=/login 
 headers={'User-Agent': 'python-requests/2.32.3', 'Accept-Encoding': 'gzip, deflate', 'Accept': '*/*', 'Connection': 'keep-alive', 'Content-Length': '65', 'Content-Type': 'application/json'} 
 body=b'{"email": "senhaerradaADb7@teste.com", "password": "senhaerrada"}' 
 </msg>
<msg time="2025-06-15T12:49:52.435791" level="INFO">POST Response : url=https://compassuol.serverest.dev/login 
 status=401, reason=Unauthorized 
 headers={'access-control-allow-origin': '*', 'x-dns-prefetch-control': 'off', 'x-frame-options': 'SAMEORIGIN', 'strict-transport-security': 'max-age=15552000; includeSubDomains', 'x-download-options': 'noopen', 'x-content-type-options': 'nosniff', 'x-xss-protection': '1; mode=block', 'content-type': 'application/json; charset=utf-8', 'x-cloud-trace-context': 'cf6eb0cd595826b21a23d0289a824ac4', 'date': 'Sun, 15 Jun 2025 15:49:53 GMT', 'server': 'Google Frontend', 'Content-Length': '48'} 
 body={
    "message": "Email e/ou senha inválidos"
} 
 </msg>
<msg time="2025-06-15T12:49:52.435854" level="INFO">C:\Users\mikec\AppData\Local\Programs\Python\Python313\Lib\site-packages\urllib3\connectionpool.py:1097: InsecureRequestWarning: Unverified HTTPS request is being made to host 'compassuol.serverest.dev'. Adding certificate verification is strongly advised. See: https://urllib3.readthedocs.io/en/latest/advanced-usage.html#tls-warnings
  warnings.warn(</msg>
<msg time="2025-06-15T12:49:52.436163" level="INFO">${res} = &lt;Response [401]&gt;</msg>
<var>${res}</var>
<arg>serve</arg>
<arg>/login</arg>
<arg>json=${login}</arg>
<arg>expected_status=any</arg>
<doc>Sends a POST request on a previously created HTTP Session.</doc>
<status status="PASS" start="2025-06-15T12:49:52.268835" elapsed="0.167364"/>
</kw>
<kw name="Status Should Be" owner="RequestsLibrary">
<arg>401</arg>
<arg>${res}</arg>
<doc>Fails if response status code is different than the expected.</doc>
<status status="PASS" start="2025-06-15T12:49:52.436432" elapsed="0.000171"/>
</kw>
<kw name="Should Contain" owner="BuiltIn">
<arg>${res.json()["message"]}</arg>
<arg>Email e/ou senha inválidos</arg>
<doc>Fails if ``container`` does not contain ``item`` one or more times.</doc>
<status status="PASS" start="2025-06-15T12:49:52.436751" elapsed="0.000343"/>
</kw>
<status status="PASS" start="2025-06-15T12:49:52.098788" elapsed="0.338530"/>
</test>
<test id="s1-s1-t4" name="CT024 - Login com email inválido" line="37">
<kw name="Create Dictionary" owner="BuiltIn">
<msg time="2025-06-15T12:49:52.437977" level="INFO">${login} = {'email': 'emailinvalido.com', 'password': '123456'}</msg>
<var>${login}</var>
<arg>email=emailinvalido.com</arg>
<arg>password=123456</arg>
<doc>Creates and returns a dictionary based on the given ``items``.</doc>
<status status="PASS" start="2025-06-15T12:49:52.437846" elapsed="0.000150"/>
</kw>
<kw name="POST On Session" owner="RequestsLibrary">
<msg time="2025-06-15T12:49:52.600415" level="INFO">POST Request : url=https://compassuol.serverest.dev/login 
 path_url=/login 
 headers={'User-Agent': 'python-requests/2.32.3', 'Accept-Encoding': 'gzip, deflate', 'Accept': '*/*', 'Connection': 'keep-alive', 'Content-Length': '52', 'Content-Type': 'application/json'} 
 body=b'{"email": "emailinvalido.com", "password": "123456"}' 
 </msg>
<msg time="2025-06-15T12:49:52.600497" level="INFO">POST Response : url=https://compassuol.serverest.dev/login 
 status=400, reason=Bad Request 
 headers={'access-control-allow-origin': '*', 'x-dns-prefetch-control': 'off', 'x-frame-options': 'SAMEORIGIN', 'strict-transport-security': 'max-age=15552000; includeSubDomains', 'x-download-options': 'noopen', 'x-content-type-options': 'nosniff', 'x-xss-protection': '1; mode=block', 'content-type': 'application/json; charset=utf-8', 'x-cloud-trace-context': '3ce44900d0610c471a23d0289a824222', 'date': 'Sun, 15 Jun 2025 15:49:53 GMT', 'server': 'Google Frontend', 'Content-Length': '50'} 
 body={
    "email": "email deve ser um email válido"
} 
 </msg>
<msg time="2025-06-15T12:49:52.600555" level="INFO">C:\Users\mikec\AppData\Local\Programs\Python\Python313\Lib\site-packages\urllib3\connectionpool.py:1097: InsecureRequestWarning: Unverified HTTPS request is being made to host 'compassuol.serverest.dev'. Adding certificate verification is strongly advised. See: https://urllib3.readthedocs.io/en/latest/advanced-usage.html#tls-warnings
  warnings.warn(</msg>
<msg time="2025-06-15T12:49:52.600785" level="INFO">${res} = &lt;Response [400]&gt;</msg>
<var>${res}</var>
<arg>serve</arg>
<arg>/login</arg>
<arg>json=${login}</arg>
<arg>expected_status=any</arg>
<doc>Sends a POST request on a previously created HTTP Session.</doc>
<status status="PASS" start="2025-06-15T12:49:52.438148" elapsed="0.162667"/>
</kw>
<kw name="Status Should Be" owner="RequestsLibrary">
<arg>400</arg>
<arg>${res}</arg>
<doc>Fails if response status code is different than the expected.</doc>
<status status="PASS" start="2025-06-15T12:49:52.601040" elapsed="0.000187"/>
</kw>
<kw name="Should Contain" owner="BuiltIn">
<arg>${res.text}</arg>
<arg>email deve ser um email válido</arg>
<doc>Fails if ``container`` does not contain ``item`` one or more times.</doc>
<status status="PASS" start="2025-06-15T12:49:52.601383" elapsed="0.000380"/>
</kw>
<status status="PASS" start="2025-06-15T12:49:52.437580" elapsed="0.164319"/>
</test>
<test id="s1-s1-t5" name="CT025 - Login com senha fora dos limites" line="43">
<kw name="Generate Random String" owner="String">
<msg time="2025-06-15T12:49:52.602623" level="INFO">${rand} = ftxe</msg>
<var>${rand}</var>
<arg>4</arg>
<doc>Generates a string with a desired ``length`` from the given ``chars``.</doc>
<status status="PASS" start="2025-06-15T12:49:52.602478" elapsed="0.000166"/>
</kw>
<kw name="Set Variable" owner="BuiltIn">
<msg time="2025-06-15T12:49:52.603018" level="INFO">${email} = senhaftxe@teste.com</msg>
<var>${email}</var>
<arg>senha${rand}@teste.com</arg>
<doc>Returns the given values which can then be assigned to a variables.</doc>
<status status="PASS" start="2025-06-15T12:49:52.602912" elapsed="0.000124"/>
</kw>
<kw name="Set Variable" owner="BuiltIn">
<msg time="2025-06-15T12:49:52.603242" level="INFO">${senha} = 123</msg>
<var>${senha}</var>
<arg>123</arg>
<doc>Returns the given values which can then be assigned to a variables.</doc>
<status status="PASS" start="2025-06-15T12:49:52.603159" elapsed="0.000101"/>
</kw>
<kw name="Create Dictionary" owner="BuiltIn">
<msg time="2025-06-15T12:49:52.603550" level="INFO">${usuario} = {'nome': 'SenhaCurta', 'email': 'senhaftxe@teste.com', 'password': '123', 'administrador': 'true'}</msg>
<var>${usuario}</var>
<arg>nome=SenhaCurta</arg>
<arg>email=${email}</arg>
<arg>password=${senha}</arg>
<arg>administrador=true</arg>
<doc>Creates and returns a dictionary based on the given ``items``.</doc>
<status status="PASS" start="2025-06-15T12:49:52.603377" elapsed="0.000191"/>
</kw>
<kw name="POST On Session" owner="RequestsLibrary">
<msg time="2025-06-15T12:49:52.782626" level="INFO">POST Request : url=https://compassuol.serverest.dev/usuarios 
 path_url=/usuarios 
 headers={'User-Agent': 'python-requests/2.32.3', 'Accept-Encoding': 'gzip, deflate', 'Accept': '*/*', 'Connection': 'keep-alive', 'Content-Length': '98', 'Content-Type': 'application/json'} 
 body=b'{"nome": "SenhaCurta", "email": "senhaftxe@teste.com", "password": "123", "administrador": "true"}' 
 </msg>
<msg time="2025-06-15T12:49:52.782699" level="INFO">POST Response : url=https://compassuol.serverest.dev/usuarios 
 status=201, reason=Created 
 headers={'access-control-allow-origin': '*', 'x-dns-prefetch-control': 'off', 'x-frame-options': 'SAMEORIGIN', 'strict-transport-security': 'max-age=15552000; includeSubDomains', 'x-download-options': 'noopen', 'x-content-type-options': 'nosniff', 'x-xss-protection': '1; mode=block', 'content-type': 'application/json; charset=utf-8', 'x-cloud-trace-context': '6ed94cf4bd21051e1a23d0289a824ad4', 'date': 'Sun, 15 Jun 2025 15:49:53 GMT', 'server': 'Google Frontend', 'Content-Length': '82'} 
 body={
    "message": "Cadastro realizado com sucesso",
    "_id": "gcZ0EJ6iKN6XXmM7"
} 
 </msg>
<msg time="2025-06-15T12:49:52.782750" level="INFO">C:\Users\mikec\AppData\Local\Programs\Python\Python313\Lib\site-packages\urllib3\connectionpool.py:1097: InsecureRequestWarning: Unverified HTTPS request is being made to host 'compassuol.serverest.dev'. Adding certificate verification is strongly advised. See: https://urllib3.readthedocs.io/en/latest/advanced-usage.html#tls-warnings
  warnings.warn(</msg>
<arg>serve</arg>
<arg>/usuarios</arg>
<arg>json=${usuario}</arg>
<doc>Sends a POST request on a previously created HTTP Session.</doc>
<status status="PASS" start="2025-06-15T12:49:52.603678" elapsed="0.179262"/>
</kw>
<kw name="Create Dictionary" owner="BuiltIn">
<msg time="2025-06-15T12:49:52.783412" level="INFO">${login} = {'email': 'senhaftxe@teste.com', 'password': '123'}</msg>
<var>${login}</var>
<arg>email=${email}</arg>
<arg>password=${senha}</arg>
<doc>Creates and returns a dictionary based on the given ``items``.</doc>
<status status="PASS" start="2025-06-15T12:49:52.783185" elapsed="0.000249"/>
</kw>
<kw name="POST On Session" owner="RequestsLibrary">
<msg time="2025-06-15T12:49:52.956789" level="INFO">POST Request : url=https://compassuol.serverest.dev/login 
 path_url=/login 
 headers={'User-Agent': 'python-requests/2.32.3', 'Accept-Encoding': 'gzip, deflate', 'Accept': '*/*', 'Connection': 'keep-alive', 'Content-Length': '51', 'Content-Type': 'application/json'} 
 body=b'{"email": "senhaftxe@teste.com", "password": "123"}' 
 </msg>
<msg time="2025-06-15T12:49:52.956871" level="INFO">POST Response : url=https://compassuol.serverest.dev/login 
 status=200, reason=OK 
 headers={'access-control-allow-origin': '*', 'x-dns-prefetch-control': 'off', 'x-frame-options': 'SAMEORIGIN', 'strict-transport-security': 'max-age=15552000; includeSubDomains', 'x-download-options': 'noopen', 'x-content-type-options': 'nosniff', 'x-xss-protection': '1; mode=block', 'content-type': 'application/json; charset=utf-8', 'x-cloud-trace-context': '53d02535862f59fe1a23d0289a824331', 'date': 'Sun, 15 Jun 2025 15:49:53 GMT', 'server': 'Google Frontend', 'Content-Length': '271'} 
 body={
    "message": "Login realizado com sucesso",
    "authorization": "Bearer eyJhbGciOiJIUzI1NiIsInR5cCI6IkpXVCJ9.eyJlbWFpbCI6InNlbmhhZnR4ZUB0ZXN0ZS5jb20iLCJwYXNzd29yZCI6IjEyMyIsImlhdCI6MTc1MDAwMjU5MywiZXhwIjoxNzUwMDAzMTkzfQ.atb44IFXc2IjRF8dsIdqx2lDyy5fvhANqHM9bvZbnHg"
} 
 </msg>
<msg time="2025-06-15T12:49:52.956998" level="INFO">C:\Users\mikec\AppData\Local\Programs\Python\Python313\Lib\site-packages\urllib3\connectionpool.py:1097: InsecureRequestWarning: Unverified HTTPS request is being made to host 'compassuol.serverest.dev'. Adding certificate verification is strongly advised. See: https://urllib3.readthedocs.io/en/latest/advanced-usage.html#tls-warnings
  warnings.warn(</msg>
<msg time="2025-06-15T12:49:52.957234" level="INFO">${res} = &lt;Response [200]&gt;</msg>
<var>${res}</var>
<arg>serve</arg>
<arg>/login</arg>
<arg>json=${login}</arg>
<arg>expected_status=any</arg>
<doc>Sends a POST request on a previously created HTTP Session.</doc>
<status status="PASS" start="2025-06-15T12:49:52.783577" elapsed="0.173688"/>
</kw>
<kw name="Status Should Be" owner="RequestsLibrary">
<msg time="2025-06-15T12:49:52.957779" level="FAIL">Url: https://compassuol.serverest.dev/login Expected status: 200 != 401</msg>
<arg>401</arg>
<arg>${res}</arg>
<doc>Fails if response status code is different than the expected.</doc>
<status status="FAIL" start="2025-06-15T12:49:52.957514" elapsed="0.032335">Url: https://compassuol.serverest.dev/login Expected status: 200 != 401</status>
</kw>
<kw name="Should Contain" owner="BuiltIn">
<arg>${res.text}</arg>
<arg>email e/ou senha inválidos</arg>
<doc>Fails if ``container`` does not contain ``item`` one or more times.</doc>
<status status="NOT RUN" start="2025-06-15T12:49:52.990111" elapsed="0.000027"/>
</kw>
<status status="FAIL" start="2025-06-15T12:49:52.602183" elapsed="0.388217">Url: https://compassuol.serverest.dev/login Expected status: 200 != 401</status>
</test>
<test id="s1-s1-t6" name="CT026 - Login com payload incompleto" line="54">
<kw name="Create Dictionary" owner="BuiltIn">
<msg time="2025-06-15T12:49:52.991299" level="INFO">${login} = {'email': 'faltandados@teste.com'}</msg>
<var>${login}</var>
<arg>email=faltandados@teste.com</arg>
<doc>Creates and returns a dictionary based on the given ``items``.</doc>
<status status="PASS" start="2025-06-15T12:49:52.991112" elapsed="0.000213"/>
</kw>
<kw name="POST On Session" owner="RequestsLibrary">
<msg time="2025-06-15T12:49:53.164063" level="INFO">POST Request : url=https://compassuol.serverest.dev/login 
 path_url=/login 
 headers={'User-Agent': 'python-requests/2.32.3', 'Accept-Encoding': 'gzip, deflate', 'Accept': '*/*', 'Connection': 'keep-alive', 'Content-Length': '34', 'Content-Type': 'application/json'} 
 body=b'{"email": "faltandados@teste.com"}' 
 </msg>
<msg time="2025-06-15T12:49:53.164147" level="INFO">POST Response : url=https://compassuol.serverest.dev/login 
 status=400, reason=Bad Request 
 headers={'access-control-allow-origin': '*', 'x-dns-prefetch-control': 'off', 'x-frame-options': 'SAMEORIGIN', 'strict-transport-security': 'max-age=15552000; includeSubDomains', 'x-download-options': 'noopen', 'x-content-type-options': 'nosniff', 'x-xss-protection': '1; mode=block', 'content-type': 'application/json; charset=utf-8', 'x-cloud-trace-context': '261f565a769dde7f1a23d0289a824990', 'date': 'Sun, 15 Jun 2025 15:49:53 GMT', 'server': 'Google Frontend', 'Content-Length': '46'} 
 body={
    "password": "password é obrigatório"
} 
 </msg>
<msg time="2025-06-15T12:49:53.164210" level="INFO">C:\Users\mikec\AppData\Local\Programs\Python\Python313\Lib\site-packages\urllib3\connectionpool.py:1097: InsecureRequestWarning: Unverified HTTPS request is being made to host 'compassuol.serverest.dev'. Adding certificate verification is strongly advised. See: https://urllib3.readthedocs.io/en/latest/advanced-usage.html#tls-warnings
  warnings.warn(</msg>
<msg time="2025-06-15T12:49:53.164439" level="INFO">${res} = &lt;Response [400]&gt;</msg>
<var>${res}</var>
<arg>serve</arg>
<arg>/login</arg>
<arg>json=${login}</arg>
<arg>expected_status=any</arg>
<doc>Sends a POST request on a previously created HTTP Session.</doc>
<status status="PASS" start="2025-06-15T12:49:52.991496" elapsed="0.172975"/>
</kw>
<kw name="Status Should Be" owner="RequestsLibrary">
<arg>400</arg>
<arg>${res}</arg>
<doc>Fails if response status code is different than the expected.</doc>
<status status="PASS" start="2025-06-15T12:49:53.164700" elapsed="0.000186"/>
</kw>
<kw name="Should Contain" owner="BuiltIn">
<arg>${res.text}</arg>
<arg>password é obrigatório</arg>
<doc>Fails if ``container`` does not contain ``item`` one or more times.</doc>
<status status="PASS" start="2025-06-15T12:49:53.165021" elapsed="0.000321"/>
</kw>
<status status="PASS" start="2025-06-15T12:49:52.990779" elapsed="0.174692"/>
</test>
<test id="s1-s1-t7" name="CT027 - Login com payload vazio" line="60">
<kw name="Create Dictionary" owner="BuiltIn">
<msg time="2025-06-15T12:49:53.166105" level="INFO">${login} = {}</msg>
<var>${login}</var>
<doc>Creates and returns a dictionary based on the given ``items``.</doc>
<status status="PASS" start="2025-06-15T12:49:53.165996" elapsed="0.000129"/>
</kw>
<kw name="POST On Session" owner="RequestsLibrary">
<msg time="2025-06-15T12:49:53.327557" level="INFO">POST Request : url=https://compassuol.serverest.dev/login 
 path_url=/login 
 headers={'User-Agent': 'python-requests/2.32.3', 'Accept-Encoding': 'gzip, deflate', 'Accept': '*/*', 'Connection': 'keep-alive', 'Content-Length': '2', 'Content-Type': 'application/json'} 
 body=b'{}' 
 </msg>
<msg time="2025-06-15T12:49:53.327639" level="INFO">POST Response : url=https://compassuol.serverest.dev/login 
 status=400, reason=Bad Request 
 headers={'access-control-allow-origin': '*', 'x-dns-prefetch-control': 'off', 'x-frame-options': 'SAMEORIGIN', 'strict-transport-security': 'max-age=15552000; includeSubDomains', 'x-download-options': 'noopen', 'x-content-type-options': 'nosniff', 'x-xss-protection': '1; mode=block', 'content-type': 'application/json; charset=utf-8', 'x-cloud-trace-context': '9d5cb89447e741381a23d0289a8242ec', 'date': 'Sun, 15 Jun 2025 15:49:54 GMT', 'server': 'Google Frontend', 'Content-Length': '84'} 
 body={
    "email": "email é obrigatório",
    "password": "password é obrigatório"
} 
 </msg>
<msg time="2025-06-15T12:49:53.327709" level="INFO">C:\Users\mikec\AppData\Local\Programs\Python\Python313\Lib\site-packages\urllib3\connectionpool.py:1097: InsecureRequestWarning: Unverified HTTPS request is being made to host 'compassuol.serverest.dev'. Adding certificate verification is strongly advised. See: https://urllib3.readthedocs.io/en/latest/advanced-usage.html#tls-warnings
  warnings.warn(</msg>
<msg time="2025-06-15T12:49:53.327943" level="INFO">${res} = &lt;Response [400]&gt;</msg>
<var>${res}</var>
<arg>serve</arg>
<arg>/login</arg>
<arg>json=${login}</arg>
<arg>expected_status=any</arg>
<doc>Sends a POST request on a previously created HTTP Session.</doc>
<status status="PASS" start="2025-06-15T12:49:53.166239" elapsed="0.161732"/>
</kw>
<kw name="Status Should Be" owner="RequestsLibrary">
<arg>400</arg>
<arg>${res}</arg>
<doc>Fails if response status code is different than the expected.</doc>
<status status="PASS" start="2025-06-15T12:49:53.328193" elapsed="0.000191"/>
</kw>
<kw name="Should Contain" owner="BuiltIn">
<arg>${res.text}</arg>
<arg>email é obrigatório</arg>
<doc>Fails if ``container`` does not contain ``item`` one or more times.</doc>
<status status="PASS" start="2025-06-15T12:49:53.328527" elapsed="0.000316"/>
</kw>
<status status="PASS" start="2025-06-15T12:49:53.165736" elapsed="0.163228"/>
</test>
<test id="s1-s1-t8" name="CT028 - Verificar estrutura do token" line="66">
<kw name="Generate Random String" owner="String">
<msg time="2025-06-15T12:49:53.329610" level="INFO">${rand} = kJM4</msg>
<var>${rand}</var>
<arg>4</arg>
<doc>Generates a string with a desired ``length`` from the given ``chars``.</doc>
<status status="PASS" start="2025-06-15T12:49:53.329473" elapsed="0.000157"/>
</kw>
<kw name="Set Variable" owner="BuiltIn">
<msg time="2025-06-15T12:49:53.329851" level="INFO">${email} = tokenkJM4@teste.com</msg>
<var>${email}</var>
<arg>token${rand}@teste.com</arg>
<doc>Returns the given values which can then be assigned to a variables.</doc>
<status status="PASS" start="2025-06-15T12:49:53.329753" elapsed="0.000114"/>
</kw>
<kw name="Create Dictionary" owner="BuiltIn">
<msg time="2025-06-15T12:49:53.330237" level="INFO">${body} = {'nome': 'TokenCheck', 'email': 'tokenkJM4@teste.com', 'password': '123456', 'administrador': 'false'}</msg>
<var>${body}</var>
<arg>nome=TokenCheck</arg>
<arg>email=${email}</arg>
<arg>password=123456</arg>
<arg>administrador=false</arg>
<doc>Creates and returns a dictionary based on the given ``items``.</doc>
<status status="PASS" start="2025-06-15T12:49:53.330074" elapsed="0.000181"/>
</kw>
<kw name="POST On Session" owner="RequestsLibrary">
<msg time="2025-06-15T12:49:53.498812" level="INFO">POST Request : url=https://compassuol.serverest.dev/usuarios 
 path_url=/usuarios 
 headers={'User-Agent': 'python-requests/2.32.3', 'Accept-Encoding': 'gzip, deflate', 'Accept': '*/*', 'Connection': 'keep-alive', 'Content-Length': '102', 'Content-Type': 'application/json'} 
 body=b'{"nome": "TokenCheck", "email": "tokenkJM4@teste.com", "password": "123456", "administrador": "false"}' 
 </msg>
<msg time="2025-06-15T12:49:53.498893" level="INFO">POST Response : url=https://compassuol.serverest.dev/usuarios 
 status=201, reason=Created 
 headers={'access-control-allow-origin': '*', 'x-dns-prefetch-control': 'off', 'x-frame-options': 'SAMEORIGIN', 'strict-transport-security': 'max-age=15552000; includeSubDomains', 'x-download-options': 'noopen', 'x-content-type-options': 'nosniff', 'x-xss-protection': '1; mode=block', 'content-type': 'application/json; charset=utf-8', 'x-cloud-trace-context': '27e40455c9651e671a23d0289a824c48', 'date': 'Sun, 15 Jun 2025 15:49:54 GMT', 'server': 'Google Frontend', 'Content-Length': '82'} 
 body={
    "message": "Cadastro realizado com sucesso",
    "_id": "GR3krRwsBMkpV98X"
} 
 </msg>
<msg time="2025-06-15T12:49:53.498951" level="INFO">C:\Users\mikec\AppData\Local\Programs\Python\Python313\Lib\site-packages\urllib3\connectionpool.py:1097: InsecureRequestWarning: Unverified HTTPS request is being made to host 'compassuol.serverest.dev'. Adding certificate verification is strongly advised. See: https://urllib3.readthedocs.io/en/latest/advanced-usage.html#tls-warnings
  warnings.warn(</msg>
<arg>serve</arg>
<arg>/usuarios</arg>
<arg>json=${body}</arg>
<doc>Sends a POST request on a previously created HTTP Session.</doc>
<status status="PASS" start="2025-06-15T12:49:53.330365" elapsed="0.168772"/>
</kw>
<kw name="Create Dictionary" owner="BuiltIn">
<msg time="2025-06-15T12:49:53.499601" level="INFO">${login} = {'email': 'tokenkJM4@teste.com', 'password': '123456'}</msg>
<var>${login}</var>
<arg>email=${email}</arg>
<arg>password=123456</arg>
<doc>Creates and returns a dictionary based on the given ``items``.</doc>
<status status="PASS" start="2025-06-15T12:49:53.499376" elapsed="0.000246"/>
</kw>
<kw name="POST On Session" owner="RequestsLibrary">
<msg time="2025-06-15T12:49:53.666943" level="INFO">POST Request : url=https://compassuol.serverest.dev/login 
 path_url=/login 
 headers={'User-Agent': 'python-requests/2.32.3', 'Accept-Encoding': 'gzip, deflate', 'Accept': '*/*', 'Connection': 'keep-alive', 'Content-Length': '54', 'Content-Type': 'application/json'} 
 body=b'{"email": "tokenkJM4@teste.com", "password": "123456"}' 
 </msg>
<msg time="2025-06-15T12:49:53.667024" level="INFO">POST Response : url=https://compassuol.serverest.dev/login 
 status=200, reason=OK 
 headers={'access-control-allow-origin': '*', 'x-dns-prefetch-control': 'off', 'x-frame-options': 'SAMEORIGIN', 'strict-transport-security': 'max-age=15552000; includeSubDomains', 'x-download-options': 'noopen', 'x-content-type-options': 'nosniff', 'x-xss-protection': '1; mode=block', 'content-type': 'application/json; charset=utf-8', 'x-cloud-trace-context': 'ca10d118d39d3f8300361d35321da81a', 'date': 'Sun, 15 Jun 2025 15:49:54 GMT', 'server': 'Google Frontend', 'Content-Length': '275'} 
 body={
    "message": "Login realizado com sucesso",
    "authorization": "Bearer eyJhbGciOiJIUzI1NiIsInR5cCI6IkpXVCJ9.eyJlbWFpbCI6InRva2Vua0pNNEB0ZXN0ZS5jb20iLCJwYXNzd29yZCI6IjEyMzQ1NiIsImlhdCI6MTc1MDAwMjU5NCwiZXhwIjoxNzUwMDAzMTk0fQ.epDRx5T-32ddYyYzJoXHiiw68obWx7dqJsZCWQoJzAw"
} 
 </msg>
<msg time="2025-06-15T12:49:53.667097" level="INFO">C:\Users\mikec\AppData\Local\Programs\Python\Python313\Lib\site-packages\urllib3\connectionpool.py:1097: InsecureRequestWarning: Unverified HTTPS request is being made to host 'compassuol.serverest.dev'. Adding certificate verification is strongly advised. See: https://urllib3.readthedocs.io/en/latest/advanced-usage.html#tls-warnings
  warnings.warn(</msg>
<msg time="2025-06-15T12:49:53.667333" level="INFO">${res} = &lt;Response [200]&gt;</msg>
<var>${res}</var>
<arg>serve</arg>
<arg>/login</arg>
<arg>json=${login}</arg>
<doc>Sends a POST request on a previously created HTTP Session.</doc>
<status status="PASS" start="2025-06-15T12:49:53.499793" elapsed="0.167571"/>
</kw>
<kw name="Set Variable" owner="BuiltIn">
<msg time="2025-06-15T12:49:53.667974" level="INFO">${token} = Bearer eyJhbGciOiJIUzI1NiIsInR5cCI6IkpXVCJ9.eyJlbWFpbCI6InRva2Vua0pNNEB0ZXN0ZS5jb20iLCJwYXNzd29yZCI6IjEyMzQ1NiIsImlhdCI6MTc1MDAwMjU5NCwiZXhwIjoxNzUwMDAzMTk0fQ.epDRx5T-32ddYyYzJoXHiiw68obWx7dqJsZCWQoJz...</msg>
<var>${token}</var>
<arg>${res.json()["authorization"]}</arg>
<doc>Returns the given values which can then be assigned to a variables.</doc>
<status status="PASS" start="2025-06-15T12:49:53.667583" elapsed="0.000411"/>
</kw>
<kw name="Should Match Regexp" owner="BuiltIn">
<arg>${token}</arg>
<arg>^[A-Za-z0-9-_=]+\.[A-Za-z0-9-_=]+\.[A-Za-z0-9-_.+/=]*$</arg>
<doc>Fails if ``string`` does not match ``pattern`` as a regular expression.</doc>
<status status="PASS" start="2025-06-15T12:49:53.668119" elapsed="0.000250"/>
</kw>
<status status="PASS" start="2025-06-15T12:49:53.329232" elapsed="0.339260"/>
</test>
<test id="s1-s1-t9" name="CT029 - Verificar expiração do token" line="76">
<kw name="Generate Random String" owner="String">
<msg time="2025-06-15T12:49:53.669161" level="INFO">${rand} = 74yr</msg>
<var>${rand}</var>
<arg>4</arg>
<doc>Generates a string with a desired ``length`` from the given ``chars``.</doc>
<status status="PASS" start="2025-06-15T12:49:53.669022" elapsed="0.000157"/>
</kw>
<kw name="Set Variable" owner="BuiltIn">
<msg time="2025-06-15T12:49:53.669397" level="INFO">${email} = tokenexp74yr@teste.com</msg>
<var>${email}</var>
<arg>tokenexp${rand}@teste.com</arg>
<doc>Returns the given values which can then be assigned to a variables.</doc>
<status status="PASS" start="2025-06-15T12:49:53.669295" elapsed="0.000118"/>
</kw>
<kw name="Set Variable" owner="BuiltIn">
<msg time="2025-06-15T12:49:53.669594" level="INFO">${senha} = 123456</msg>
<var>${senha}</var>
<arg>123456</arg>
<doc>Returns the given values which can then be assigned to a variables.</doc>
<status status="PASS" start="2025-06-15T12:49:53.669520" elapsed="0.000089"/>
</kw>
<kw name="Create Dictionary" owner="BuiltIn">
<msg time="2025-06-15T12:49:53.669889" level="INFO">${usuario} = {'nome': 'TokenExpira', 'email': 'tokenexp74yr@teste.com', 'password': '123456', 'administrador': 'true'}</msg>
<var>${usuario}</var>
<arg>nome=TokenExpira</arg>
<arg>email=${email}</arg>
<arg>password=${senha}</arg>
<arg>administrador=true</arg>
<doc>Creates and returns a dictionary based on the given ``items``.</doc>
<status status="PASS" start="2025-06-15T12:49:53.669721" elapsed="0.000185"/>
</kw>
<kw name="POST On Session" owner="RequestsLibrary">
<msg time="2025-06-15T12:49:53.834391" level="INFO">POST Request : url=https://compassuol.serverest.dev/usuarios 
 path_url=/usuarios 
 headers={'User-Agent': 'python-requests/2.32.3', 'Accept-Encoding': 'gzip, deflate', 'Accept': '*/*', 'Connection': 'keep-alive', 'Content-Length': '105', 'Content-Type': 'application/json'} 
 body=b'{"nome": "TokenExpira", "email": "tokenexp74yr@teste.com", "password": "123456", "administrador": "true"}' 
 </msg>
<msg time="2025-06-15T12:49:53.834472" level="INFO">POST Response : url=https://compassuol.serverest.dev/usuarios 
 status=201, reason=Created 
 headers={'access-control-allow-origin': '*', 'x-dns-prefetch-control': 'off', 'x-frame-options': 'SAMEORIGIN', 'strict-transport-security': 'max-age=15552000; includeSubDomains', 'x-download-options': 'noopen', 'x-content-type-options': 'nosniff', 'x-xss-protection': '1; mode=block', 'content-type': 'application/json; charset=utf-8', 'x-cloud-trace-context': '0c1d9b5d5962e70400361d35321da5c3', 'date': 'Sun, 15 Jun 2025 15:49:54 GMT', 'server': 'Google Frontend', 'Content-Length': '82'} 
 body={
    "message": "Cadastro realizado com sucesso",
    "_id": "mAMdnlxIslfpTsPD"
} 
 </msg>
<msg time="2025-06-15T12:49:53.834581" level="INFO">C:\Users\mikec\AppData\Local\Programs\Python\Python313\Lib\site-packages\urllib3\connectionpool.py:1097: InsecureRequestWarning: Unverified HTTPS request is being made to host 'compassuol.serverest.dev'. Adding certificate verification is strongly advised. See: https://urllib3.readthedocs.io/en/latest/advanced-usage.html#tls-warnings
  warnings.warn(</msg>
<arg>serve</arg>
<arg>/usuarios</arg>
<arg>json=${usuario}</arg>
<doc>Sends a POST request on a previously created HTTP Session.</doc>
<status status="PASS" start="2025-06-15T12:49:53.670016" elapsed="0.164766"/>
</kw>
<kw name="Create Dictionary" owner="BuiltIn">
<msg time="2025-06-15T12:49:53.835255" level="INFO">${login} = {'email': 'tokenexp74yr@teste.com', 'password': '123456'}</msg>
<var>${login}</var>
<arg>email=${email}</arg>
<arg>password=${senha}</arg>
<doc>Creates and returns a dictionary based on the given ``items``.</doc>
<status status="PASS" start="2025-06-15T12:49:53.835000" elapsed="0.000273"/>
</kw>
<kw name="POST On Session" owner="RequestsLibrary">
<msg time="2025-06-15T12:49:53.998433" level="INFO">POST Request : url=https://compassuol.serverest.dev/login 
 path_url=/login 
 headers={'User-Agent': 'python-requests/2.32.3', 'Accept-Encoding': 'gzip, deflate', 'Accept': '*/*', 'Connection': 'keep-alive', 'Content-Length': '57', 'Content-Type': 'application/json'} 
 body=b'{"email": "tokenexp74yr@teste.com", "password": "123456"}' 
 </msg>
<msg time="2025-06-15T12:49:53.998505" level="INFO">POST Response : url=https://compassuol.serverest.dev/login 
 status=200, reason=OK 
 headers={'access-control-allow-origin': '*', 'x-dns-prefetch-control': 'off', 'x-frame-options': 'SAMEORIGIN', 'strict-transport-security': 'max-age=15552000; includeSubDomains', 'x-download-options': 'noopen', 'x-content-type-options': 'nosniff', 'x-xss-protection': '1; mode=block', 'content-type': 'application/json; charset=utf-8', 'x-cloud-trace-context': '046930c23850a46e00361d35321da3ca', 'date': 'Sun, 15 Jun 2025 15:49:54 GMT', 'server': 'Google Frontend', 'Content-Length': '279'} 
 body={
    "message": "Login realizado com sucesso",
    "authorization": "Bearer eyJhbGciOiJIUzI1NiIsInR5cCI6IkpXVCJ9.eyJlbWFpbCI6InRva2VuZXhwNzR5ckB0ZXN0ZS5jb20iLCJwYXNzd29yZCI6IjEyMzQ1NiIsImlhdCI6MTc1MDAwMjU5NCwiZXhwIjoxNzUwMDAzMTk0fQ.SjoKvB5OtDGve_5pilnABMrvzVWYcj1qVu552bEWLpI"
} 
 </msg>
<msg time="2025-06-15T12:49:53.998567" level="INFO">C:\Users\mikec\AppData\Local\Programs\Python\Python313\Lib\site-packages\urllib3\connectionpool.py:1097: InsecureRequestWarning: Unverified HTTPS request is being made to host 'compassuol.serverest.dev'. Adding certificate verification is strongly advised. See: https://urllib3.readthedocs.io/en/latest/advanced-usage.html#tls-warnings
  warnings.warn(</msg>
<msg time="2025-06-15T12:49:53.998806" level="INFO">${res} = &lt;Response [200]&gt;</msg>
<var>${res}</var>
<arg>serve</arg>
<arg>/login</arg>
<arg>json=${login}</arg>
<doc>Sends a POST request on a previously created HTTP Session.</doc>
<status status="PASS" start="2025-06-15T12:49:53.835402" elapsed="0.163436"/>
</kw>
<kw name="Set Variable" owner="BuiltIn">
<msg time="2025-06-15T12:49:53.999408" level="INFO">${token} = Bearer eyJhbGciOiJIUzI1NiIsInR5cCI6IkpXVCJ9.eyJlbWFpbCI6InRva2VuZXhwNzR5ckB0ZXN0ZS5jb20iLCJwYXNzd29yZCI6IjEyMzQ1NiIsImlhdCI6MTc1MDAwMjU5NCwiZXhwIjoxNzUwMDAzMTk0fQ.SjoKvB5OtDGve_5pilnABMrvzVWYcj1qVu552...</msg>
<var>${token}</var>
<arg>${res.json()["authorization"]}</arg>
<doc>Returns the given values which can then be assigned to a variables.</doc>
<status status="PASS" start="2025-06-15T12:49:53.999047" elapsed="0.000381"/>
</kw>
<kw name="Create Dictionary" owner="BuiltIn">
<msg time="2025-06-15T12:49:53.999732" level="INFO">${headers} = {'Authorization': 'Bearer Bearer eyJhbGciOiJIUzI1NiIsInR5cCI6IkpXVCJ9.eyJlbWFpbCI6InRva2VuZXhwNzR5ckB0ZXN0ZS5jb20iLCJwYXNzd29yZCI6IjEyMzQ1NiIsImlhdCI6MTc1MDAwMjU5NCwiZXhwIjoxNzUwMDAzMTk0fQ.SjoKvB5OtDG...</msg>
<var>${headers}</var>
<arg>Authorization=Bearer ${token}</arg>
<doc>Creates and returns a dictionary based on the given ``items``.</doc>
<status status="PASS" start="2025-06-15T12:49:53.999571" elapsed="0.000179"/>
</kw>
<kw name="GET On Session" owner="RequestsLibrary">
<msg time="2025-06-15T12:49:54.169843" level="INFO">GET Request : url=https://compassuol.serverest.dev/usuarios 
 path_url=/usuarios 
 headers={'User-Agent': 'python-requests/2.32.3', 'Accept-Encoding': 'gzip, deflate', 'Accept': '*/*', 'Connection': 'keep-alive', 'Authorization': 'Bearer Bearer eyJhbGciOiJIUzI1NiIsInR5cCI6IkpXVCJ9.eyJlbWFpbCI6InRva2VuZXhwNzR5ckB0ZXN0ZS5jb20iLCJwYXNzd29yZCI6IjEyMzQ1NiIsImlhdCI6MTc1MDAwMjU5NCwiZXhwIjoxNzUwMDAzMTk0fQ.SjoKvB5OtDGve_5pilnABMrvzVWYcj1qVu552bEWLpI'} 
 body=None 
 </msg>
<msg time="2025-06-15T12:49:54.169934" level="INFO">GET Response : url=https://compassuol.serverest.dev/usuarios 
 status=200, reason=OK 
 headers={'access-control-allow-origin': '*', 'x-dns-prefetch-control': 'off', 'x-frame-options': 'SAMEORIGIN', 'strict-transport-security': 'max-age=15552000; includeSubDomains', 'x-download-options': 'noopen', 'x-content-type-options': 'nosniff', 'x-xss-protection': '1; mode=block', 'content-type': 'application/json; charset=utf-8', 'x-cloud-trace-context': '1b9d91a4b196b28500361d35321daa5e', 'date': 'Sun, 15 Jun 2025 15:49:54 GMT', 'server': 'Google Frontend', 'Content-Length': '1305'} 
 body={
    "quantidade": 6,
    "usuarios": [
        {
            "nome": "Fulano da Silva",
            "email": "fulano@qa.com",
            "password": "teste",
            "administrador": "true",
            "_id": "0uxuPY0cbmQhpEz1"
        },
        {
            "nome": "LoginValido",
            "email": "validoCH1Zr@teste.com",
            "password": "123456",
            "administrador": "true",
            "_id": "2uTZZehWu0EzBxe6"
        },
        {
            "nome": "TokenCheck",
            "email": "tokenkJM4@teste.com",
            "password": "123456",
            "administrador": "false",
            "_id": "GR3krRwsBMkpV98X"
        },
        {
            "nome": "SenhaCurta",
            "email": "senhaftxe@teste.com",
            "password": "123",
            "administrador": "true",
            "_id": "gcZ0EJ6iKN6XXmM7"
        },
        {
            "nome": "TokenExpira",
            "email": "tokenexp74yr@teste.com",
            "password": "123456",
            "administrador": "true",
            "_id": "mAMdnlxIslfpTsPD"
        },
        {
            "nome": "SenhaErrada",
            "email": "senhaerradaADb7@teste.com",
            "password": "123456",
            "administrador": "true",
            "_id": "nbb1SxYlGvX3on8E"
        }
    ]
} 
 </msg>
<msg time="2025-06-15T12:49:54.170003" level="INFO">C:\Users\mikec\AppData\Local\Programs\Python\Python313\Lib\site-packages\urllib3\connectionpool.py:1097: InsecureRequestWarning: Unverified HTTPS request is being made to host 'compassuol.serverest.dev'. Adding certificate verification is strongly advised. See: https://urllib3.readthedocs.io/en/latest/advanced-usage.html#tls-warnings
  warnings.warn(</msg>
<msg time="2025-06-15T12:49:54.170228" level="INFO">${res_token} = &lt;Response [200]&gt;</msg>
<var>${res_token}</var>
<arg>serve</arg>
<arg>/usuarios</arg>
<arg>headers=${headers}</arg>
<arg>expected_status=any</arg>
<doc>Sends a GET request on a previously created HTTP Session.</doc>
<status status="PASS" start="2025-06-15T12:49:53.999912" elapsed="0.170354"/>
</kw>
<kw name="Run Keyword If" owner="BuiltIn">
<kw name="Log" owner="BuiltIn">
<msg time="2025-06-15T12:49:54.171051" level="INFO">Token ainda válido (API não expira tokens)</msg>
<arg>Token ainda válido (API não expira tokens)</arg>
<doc>Logs the given message with the given level.</doc>
<status status="PASS" start="2025-06-15T12:49:54.170976" elapsed="0.000112"/>
</kw>
<arg>'${res_token.status_code}' == '200'</arg>
<arg>Log</arg>
<arg>Token ainda válido (API não expira tokens)</arg>
<arg>ELSE</arg>
<arg>Status Should Be</arg>
<arg>401</arg>
<arg>${res_token}</arg>
<doc>Runs the given keyword with the given arguments, if ``condition`` is true.</doc>
<status status="PASS" start="2025-06-15T12:49:54.170498" elapsed="0.000626"/>
</kw>
<status status="PASS" start="2025-06-15T12:49:53.668749" elapsed="0.502594"/>
</test>
<test id="s1-s1-t10" name="CT030 - Verificar mensagem genérica de erro" line="91">
<kw name="Create Dictionary" owner="BuiltIn">
<msg time="2025-06-15T12:49:54.172071" level="INFO">${login} = {}</msg>
<var>${login}</var>
<doc>Creates and returns a dictionary based on the given ``items``.</doc>
<status status="PASS" start="2025-06-15T12:49:54.171941" elapsed="0.000154"/>
</kw>
<kw name="POST On Session" owner="RequestsLibrary">
<msg time="2025-06-15T12:49:54.339000" level="INFO">POST Request : url=https://compassuol.serverest.dev/login 
 path_url=/login 
 headers={'User-Agent': 'python-requests/2.32.3', 'Accept-Encoding': 'gzip, deflate', 'Accept': '*/*', 'Connection': 'keep-alive', 'Content-Length': '2', 'Content-Type': 'application/json'} 
 body=b'{}' 
 </msg>
<msg time="2025-06-15T12:49:54.339073" level="INFO">POST Response : url=https://compassuol.serverest.dev/login 
 status=400, reason=Bad Request 
 headers={'access-control-allow-origin': '*', 'x-dns-prefetch-control': 'off', 'x-frame-options': 'SAMEORIGIN', 'strict-transport-security': 'max-age=15552000; includeSubDomains', 'x-download-options': 'noopen', 'x-content-type-options': 'nosniff', 'x-xss-protection': '1; mode=block', 'content-type': 'application/json; charset=utf-8', 'x-cloud-trace-context': 'bca712377c7fb76600361d35321daef1;o=1', 'date': 'Sun, 15 Jun 2025 15:49:55 GMT', 'server': 'Google Frontend', 'Content-Length': '84'} 
 body={
    "email": "email é obrigatório",
    "password": "password é obrigatório"
} 
 </msg>
<msg time="2025-06-15T12:49:54.339127" level="INFO">C:\Users\mikec\AppData\Local\Programs\Python\Python313\Lib\site-packages\urllib3\connectionpool.py:1097: InsecureRequestWarning: Unverified HTTPS request is being made to host 'compassuol.serverest.dev'. Adding certificate verification is strongly advised. See: https://urllib3.readthedocs.io/en/latest/advanced-usage.html#tls-warnings
  warnings.warn(</msg>
<msg time="2025-06-15T12:49:54.339350" level="INFO">${res} = &lt;Response [400]&gt;</msg>
<var>${res}</var>
<arg>serve</arg>
<arg>/login</arg>
<arg>json=${login}</arg>
<arg>expected_status=any</arg>
<doc>Sends a POST request on a previously created HTTP Session.</doc>
<status status="PASS" start="2025-06-15T12:49:54.172240" elapsed="0.167144"/>
</kw>
<kw name="Status Should Be" owner="RequestsLibrary">
<arg>400</arg>
<arg>${res}</arg>
<doc>Fails if response status code is different than the expected.</doc>
<status status="PASS" start="2025-06-15T12:49:54.339599" elapsed="0.000165"/>
</kw>
<kw name="Should Contain" owner="BuiltIn">
<arg>${res.json()["email"]}</arg>
<arg>email é obrigatório</arg>
<doc>Fails if ``container`` does not contain ``item`` one or more times.</doc>
<status status="PASS" start="2025-06-15T12:49:54.339888" elapsed="0.000313"/>
</kw>
<kw name="Should Contain" owner="BuiltIn">
<arg>${res.json()["password"]}</arg>
<arg>password é obrigatório</arg>
<doc>Fails if ``container`` does not contain ``item`` one or more times.</doc>
<status status="PASS" start="2025-06-15T12:49:54.340314" elapsed="0.000255"/>
</kw>
<status status="PASS" start="2025-06-15T12:49:54.171604" elapsed="0.169082"/>
</test>
<status status="FAIL" start="2025-06-15T12:49:43.550421" elapsed="10.790702"/>
</suite>
<suite id="s1-s2" name="Produtos" source="C:\Users\mikec\OneDrive\Videos\Desktop\Compass\challenge-pb\tests\produtos.robot">
<kw name="Create Session" owner="RequestsLibrary" type="SETUP">
<msg time="2025-06-15T12:49:54.343653" level="INFO">Creating Session using : alias=serve, url=https://compassuol.serverest.dev, headers={},                     cookies={}, auth=None, timeout=None, proxies=None, verify=False,                     debug=0 </msg>
<arg>serve</arg>
<arg>${BASE_URL}</arg>
<doc>Create Session: create a HTTP session to a server</doc>
<status status="PASS" start="2025-06-15T12:49:54.343547" elapsed="0.000226"/>
</kw>
<test id="s1-s2-t1" name="CT031 - Cadastrar produto com usuário autenticado" line="10">
<kw name="Generate Random String" owner="String">
<msg time="2025-06-15T12:49:54.344277" level="INFO">${rand} = s6iBl</msg>
<var>${rand}</var>
<arg>5</arg>
<doc>Generates a string with a desired ``length`` from the given ``chars``.</doc>
<status status="PASS" start="2025-06-15T12:49:54.344122" elapsed="0.000174"/>
</kw>
<kw name="Set Variable" owner="BuiltIn">
<msg time="2025-06-15T12:49:54.344549" level="INFO">${email} = produtos6iBl@teste.com</msg>
<var>${email}</var>
<arg>produto${rand}@teste.com</arg>
<doc>Returns the given values which can then be assigned to a variables.</doc>
<status status="PASS" start="2025-06-15T12:49:54.344437" elapsed="0.000131"/>
</kw>
<kw name="Set Variable" owner="BuiltIn">
<msg time="2025-06-15T12:49:54.344757" level="INFO">${senha} = 123456</msg>
<var>${senha}</var>
<arg>123456</arg>
<doc>Returns the given values which can then be assigned to a variables.</doc>
<status status="PASS" start="2025-06-15T12:49:54.344682" elapsed="0.000091"/>
</kw>
<kw name="Create Dictionary" owner="BuiltIn">
<msg time="2025-06-15T12:49:54.345535" level="INFO">${usuario} = {'nome': 'ProdUser', 'email': 'produtos6iBl@teste.com', 'password': '123456', 'administrador': 'true'}</msg>
<var>${usuario}</var>
<arg>nome=ProdUser</arg>
<arg>email=${email}</arg>
<arg>password=${senha}</arg>
<arg>administrador=true</arg>
<doc>Creates and returns a dictionary based on the given ``items``.</doc>
<status status="PASS" start="2025-06-15T12:49:54.344893" elapsed="0.000662"/>
</kw>
<kw name="POST On Session" owner="RequestsLibrary">
<msg time="2025-06-15T12:49:54.700379" level="INFO">POST Request : url=https://compassuol.serverest.dev/usuarios 
 path_url=/usuarios 
 headers={'User-Agent': 'python-requests/2.32.3', 'Accept-Encoding': 'gzip, deflate', 'Accept': '*/*', 'Connection': 'keep-alive', 'Content-Length': '102', 'Content-Type': 'application/json'} 
 body=b'{"nome": "ProdUser", "email": "produtos6iBl@teste.com", "password": "123456", "administrador": "true"}' 
 </msg>
<msg time="2025-06-15T12:49:54.700459" level="INFO">POST Response : url=https://compassuol.serverest.dev/usuarios 
 status=201, reason=Created 
 headers={'access-control-allow-origin': '*', 'x-dns-prefetch-control': 'off', 'x-frame-options': 'SAMEORIGIN', 'strict-transport-security': 'max-age=15552000; includeSubDomains', 'x-download-options': 'noopen', 'x-content-type-options': 'nosniff', 'x-xss-protection': '1; mode=block', 'content-type': 'application/json; charset=utf-8', 'x-cloud-trace-context': '96c7fd874157b309231a1a29162c9dde', 'date': 'Sun, 15 Jun 2025 15:49:55 GMT', 'server': 'Google Frontend', 'Content-Length': '82'} 
 body={
    "message": "Cadastro realizado com sucesso",
    "_id": "eQIf7ZR0vrG9hGBV"
} 
 </msg>
<msg time="2025-06-15T12:49:54.700529" level="INFO">C:\Users\mikec\AppData\Local\Programs\Python\Python313\Lib\site-packages\urllib3\connectionpool.py:1097: InsecureRequestWarning: Unverified HTTPS request is being made to host 'compassuol.serverest.dev'. Adding certificate verification is strongly advised. See: https://urllib3.readthedocs.io/en/latest/advanced-usage.html#tls-warnings
  warnings.warn(</msg>
<arg>serve</arg>
<arg>/usuarios</arg>
<arg>json=${usuario}</arg>
<doc>Sends a POST request on a previously created HTTP Session.</doc>
<status status="PASS" start="2025-06-15T12:49:54.345686" elapsed="0.355040"/>
</kw>
<kw name="Create Dictionary" owner="BuiltIn">
<msg time="2025-06-15T12:49:54.701179" level="INFO">${login} = {'email': 'produtos6iBl@teste.com', 'password': '123456'}</msg>
<var>${login}</var>
<arg>email=${email}</arg>
<arg>password=${senha}</arg>
<doc>Creates and returns a dictionary based on the given ``items``.</doc>
<status status="PASS" start="2025-06-15T12:49:54.700953" elapsed="0.000245"/>
</kw>
<kw name="POST On Session" owner="RequestsLibrary">
<msg time="2025-06-15T12:49:54.876120" level="INFO">POST Request : url=https://compassuol.serverest.dev/login 
 path_url=/login 
 headers={'User-Agent': 'python-requests/2.32.3', 'Accept-Encoding': 'gzip, deflate', 'Accept': '*/*', 'Connection': 'keep-alive', 'Content-Length': '57', 'Content-Type': 'application/json'} 
 body=b'{"email": "produtos6iBl@teste.com", "password": "123456"}' 
 </msg>
<msg time="2025-06-15T12:49:54.876193" level="INFO">POST Response : url=https://compassuol.serverest.dev/login 
 status=200, reason=OK 
 headers={'access-control-allow-origin': '*', 'x-dns-prefetch-control': 'off', 'x-frame-options': 'SAMEORIGIN', 'strict-transport-security': 'max-age=15552000; includeSubDomains', 'x-download-options': 'noopen', 'x-content-type-options': 'nosniff', 'x-xss-protection': '1; mode=block', 'content-type': 'application/json; charset=utf-8', 'x-cloud-trace-context': '8241da324d462299231a1a29162c94d8', 'date': 'Sun, 15 Jun 2025 15:49:55 GMT', 'server': 'Google Frontend', 'Content-Length': '279'} 
 body={
    "message": "Login realizado com sucesso",
    "authorization": "Bearer eyJhbGciOiJIUzI1NiIsInR5cCI6IkpXVCJ9.eyJlbWFpbCI6InByb2R1dG9zNmlCbEB0ZXN0ZS5jb20iLCJwYXNzd29yZCI6IjEyMzQ1NiIsImlhdCI6MTc1MDAwMjU5NSwiZXhwIjoxNzUwMDAzMTk1fQ.g2w6I7HW13-XufMnGJhFFSDJYDa6KB-p-QmKA9ycw9E"
} 
 </msg>
<msg time="2025-06-15T12:49:54.876255" level="INFO">C:\Users\mikec\AppData\Local\Programs\Python\Python313\Lib\site-packages\urllib3\connectionpool.py:1097: InsecureRequestWarning: Unverified HTTPS request is being made to host 'compassuol.serverest.dev'. Adding certificate verification is strongly advised. See: https://urllib3.readthedocs.io/en/latest/advanced-usage.html#tls-warnings
  warnings.warn(</msg>
<msg time="2025-06-15T12:49:54.876471" level="INFO">${res} = &lt;Response [200]&gt;</msg>
<var>${res}</var>
<arg>serve</arg>
<arg>/login</arg>
<arg>json=${login}</arg>
<doc>Sends a POST request on a previously created HTTP Session.</doc>
<status status="PASS" start="2025-06-15T12:49:54.701324" elapsed="0.175177"/>
</kw>
<kw name="Set Variable" owner="BuiltIn">
<msg time="2025-06-15T12:49:54.877080" level="INFO">${token} = Bearer eyJhbGciOiJIUzI1NiIsInR5cCI6IkpXVCJ9.eyJlbWFpbCI6InByb2R1dG9zNmlCbEB0ZXN0ZS5jb20iLCJwYXNzd29yZCI6IjEyMzQ1NiIsImlhdCI6MTc1MDAwMjU5NSwiZXhwIjoxNzUwMDAzMTk1fQ.g2w6I7HW13-XufMnGJhFFSDJYDa6KB-p-QmKA...</msg>
<var>${token}</var>
<arg>${res.json()["authorization"]}</arg>
<doc>Returns the given values which can then be assigned to a variables.</doc>
<status status="PASS" start="2025-06-15T12:49:54.876703" elapsed="0.000397"/>
</kw>
<kw name="Create Dictionary" owner="BuiltIn">
<msg time="2025-06-15T12:49:54.877387" level="INFO">${headers} = {'Authorization': 'Bearer eyJhbGciOiJIUzI1NiIsInR5cCI6IkpXVCJ9.eyJlbWFpbCI6InByb2R1dG9zNmlCbEB0ZXN0ZS5jb20iLCJwYXNzd29yZCI6IjEyMzQ1NiIsImlhdCI6MTc1MDAwMjU5NSwiZXhwIjoxNzUwMDAzMTk1fQ.g2w6I7HW13-XufMnGJ...</msg>
<var>${headers}</var>
<arg>Authorization=${token}</arg>
<doc>Creates and returns a dictionary based on the given ``items``.</doc>
<status status="PASS" start="2025-06-15T12:49:54.877234" elapsed="0.000172"/>
</kw>
<kw name="Create Dictionary" owner="BuiltIn">
<msg time="2025-06-15T12:49:54.877719" level="INFO">${produto} = {'nome': 'Produtos6iBl', 'preco': '99', 'descricao': 'Produto Teste', 'quantidade': '10'}</msg>
<var>${produto}</var>
<arg>nome=Produto${rand}</arg>
<arg>preco=99</arg>
<arg>descricao=Produto Teste</arg>
<arg>quantidade=10</arg>
<doc>Creates and returns a dictionary based on the given ``items``.</doc>
<status status="PASS" start="2025-06-15T12:49:54.877569" elapsed="0.000167"/>
</kw>
<kw name="POST On Session" owner="RequestsLibrary">
<msg time="2025-06-15T12:49:55.063886" level="INFO">POST Request : url=https://compassuol.serverest.dev/produtos 
 path_url=/produtos 
 headers={'User-Agent': 'python-requests/2.32.3', 'Accept-Encoding': 'gzip, deflate', 'Accept': '*/*', 'Connection': 'keep-alive', 'Authorization': 'Bearer eyJhbGciOiJIUzI1NiIsInR5cCI6IkpXVCJ9.eyJlbWFpbCI6InByb2R1dG9zNmlCbEB0ZXN0ZS5jb20iLCJwYXNzd29yZCI6IjEyMzQ1NiIsImlhdCI6MTc1MDAwMjU5NSwiZXhwIjoxNzUwMDAzMTk1fQ.g2w6I7HW13-XufMnGJhFFSDJYDa6KB-p-QmKA9ycw9E', 'Content-Length': '89', 'Content-Type': 'application/json'} 
 body=b'{"nome": "Produtos6iBl", "preco": "99", "descricao": "Produto Teste", "quantidade": "10"}' 
 </msg>
<msg time="2025-06-15T12:49:55.063968" level="INFO">POST Response : url=https://compassuol.serverest.dev/produtos 
 status=201, reason=Created 
 headers={'access-control-allow-origin': '*', 'x-dns-prefetch-control': 'off', 'x-frame-options': 'SAMEORIGIN', 'strict-transport-security': 'max-age=15552000; includeSubDomains', 'x-download-options': 'noopen', 'x-content-type-options': 'nosniff', 'x-xss-protection': '1; mode=block', 'content-type': 'application/json; charset=utf-8', 'x-cloud-trace-context': '85910995887b9ca5231a1a29162c92ef', 'date': 'Sun, 15 Jun 2025 15:49:55 GMT', 'server': 'Google Frontend', 'Content-Length': '82'} 
 body={
    "message": "Cadastro realizado com sucesso",
    "_id": "JJQY4tzC1uBYg8fL"
} 
 </msg>
<msg time="2025-06-15T12:49:55.064026" level="INFO">C:\Users\mikec\AppData\Local\Programs\Python\Python313\Lib\site-packages\urllib3\connectionpool.py:1097: InsecureRequestWarning: Unverified HTTPS request is being made to host 'compassuol.serverest.dev'. Adding certificate verification is strongly advised. See: https://urllib3.readthedocs.io/en/latest/advanced-usage.html#tls-warnings
  warnings.warn(</msg>
<msg time="2025-06-15T12:49:55.064257" level="INFO">${res_prod} = &lt;Response [201]&gt;</msg>
<var>${res_prod}</var>
<arg>serve</arg>
<arg>/produtos</arg>
<arg>headers=${headers}</arg>
<arg>json=${produto}</arg>
<doc>Sends a POST request on a previously created HTTP Session.</doc>
<status status="PASS" start="2025-06-15T12:49:54.877869" elapsed="0.186419"/>
</kw>
<kw name="Status Should Be" owner="RequestsLibrary">
<arg>201</arg>
<arg>${res_prod}</arg>
<doc>Fails if response status code is different than the expected.</doc>
<status status="PASS" start="2025-06-15T12:49:55.064513" elapsed="0.000190"/>
</kw>
<kw name="Should Contain" owner="BuiltIn">
<arg>${res_prod.json()["message"]}</arg>
<arg>Cadastro realizado com sucesso</arg>
<doc>Fails if ``container`` does not contain ``item`` one or more times.</doc>
<status status="PASS" start="2025-06-15T12:49:55.064865" elapsed="0.000386"/>
</kw>
<status status="PASS" start="2025-06-15T12:49:54.343842" elapsed="0.721554"/>
</test>
<test id="s1-s2-t2" name="CT032 - Cadastrar produto com nome já existente" line="25">
<kw name="Generate Random String" owner="String">
<msg time="2025-06-15T12:49:55.066113" level="INFO">${rand} = kfjI</msg>
<var>${rand}</var>
<arg>4</arg>
<doc>Generates a string with a desired ``length`` from the given ``chars``.</doc>
<status status="PASS" start="2025-06-15T12:49:55.065978" elapsed="0.000153"/>
</kw>
<kw name="Set Variable" owner="BuiltIn">
<msg time="2025-06-15T12:49:55.066343" level="INFO">${email} = duplicadokfjI@teste.com</msg>
<var>${email}</var>
<arg>duplicado${rand}@teste.com</arg>
<doc>Returns the given values which can then be assigned to a variables.</doc>
<status status="PASS" start="2025-06-15T12:49:55.066243" elapsed="0.000117"/>
</kw>
<kw name="Set Variable" owner="BuiltIn">
<msg time="2025-06-15T12:49:55.066543" level="INFO">${senha} = 123456</msg>
<var>${senha}</var>
<arg>123456</arg>
<doc>Returns the given values which can then be assigned to a variables.</doc>
<status status="PASS" start="2025-06-15T12:49:55.066462" elapsed="0.000098"/>
</kw>
<kw name="Create Dictionary" owner="BuiltIn">
<msg time="2025-06-15T12:49:55.066861" level="INFO">${usuario} = {'nome': 'Dup', 'email': 'duplicadokfjI@teste.com', 'password': '123456', 'administrador': 'true'}</msg>
<var>${usuario}</var>
<arg>nome=Dup</arg>
<arg>email=${email}</arg>
<arg>password=${senha}</arg>
<arg>administrador=true</arg>
<doc>Creates and returns a dictionary based on the given ``items``.</doc>
<status status="PASS" start="2025-06-15T12:49:55.066683" elapsed="0.000196"/>
</kw>
<kw name="POST On Session" owner="RequestsLibrary">
<msg time="2025-06-15T12:49:55.251848" level="INFO">POST Request : url=https://compassuol.serverest.dev/usuarios 
 path_url=/usuarios 
 headers={'User-Agent': 'python-requests/2.32.3', 'Accept-Encoding': 'gzip, deflate', 'Accept': '*/*', 'Connection': 'keep-alive', 'Content-Length': '98', 'Content-Type': 'application/json'} 
 body=b'{"nome": "Dup", "email": "duplicadokfjI@teste.com", "password": "123456", "administrador": "true"}' 
 </msg>
<msg time="2025-06-15T12:49:55.251920" level="INFO">POST Response : url=https://compassuol.serverest.dev/usuarios 
 status=201, reason=Created 
 headers={'access-control-allow-origin': '*', 'x-dns-prefetch-control': 'off', 'x-frame-options': 'SAMEORIGIN', 'strict-transport-security': 'max-age=15552000; includeSubDomains', 'x-download-options': 'noopen', 'x-content-type-options': 'nosniff', 'x-xss-protection': '1; mode=block', 'content-type': 'application/json; charset=utf-8', 'x-cloud-trace-context': '25f9ac57d5c16919231a1a29162c9653', 'date': 'Sun, 15 Jun 2025 15:49:56 GMT', 'server': 'Google Frontend', 'Content-Length': '82'} 
 body={
    "message": "Cadastro realizado com sucesso",
    "_id": "LbtXieJP62Cc9KCU"
} 
 </msg>
<msg time="2025-06-15T12:49:55.251979" level="INFO">C:\Users\mikec\AppData\Local\Programs\Python\Python313\Lib\site-packages\urllib3\connectionpool.py:1097: InsecureRequestWarning: Unverified HTTPS request is being made to host 'compassuol.serverest.dev'. Adding certificate verification is strongly advised. See: https://urllib3.readthedocs.io/en/latest/advanced-usage.html#tls-warnings
  warnings.warn(</msg>
<arg>serve</arg>
<arg>/usuarios</arg>
<arg>json=${usuario}</arg>
<doc>Sends a POST request on a previously created HTTP Session.</doc>
<status status="PASS" start="2025-06-15T12:49:55.066990" elapsed="0.185165"/>
</kw>
<kw name="Create Dictionary" owner="BuiltIn">
<msg time="2025-06-15T12:49:55.252648" level="INFO">${login} = {'email': 'duplicadokfjI@teste.com', 'password': '123456'}</msg>
<var>${login}</var>
<arg>email=${email}</arg>
<arg>password=${senha}</arg>
<doc>Creates and returns a dictionary based on the given ``items``.</doc>
<status status="PASS" start="2025-06-15T12:49:55.252381" elapsed="0.000291"/>
</kw>
<kw name="POST On Session" owner="RequestsLibrary">
<msg time="2025-06-15T12:49:55.420207" level="INFO">POST Request : url=https://compassuol.serverest.dev/login 
 path_url=/login 
 headers={'User-Agent': 'python-requests/2.32.3', 'Accept-Encoding': 'gzip, deflate', 'Accept': '*/*', 'Connection': 'keep-alive', 'Content-Length': '58', 'Content-Type': 'application/json'} 
 body=b'{"email": "duplicadokfjI@teste.com", "password": "123456"}' 
 </msg>
<msg time="2025-06-15T12:49:55.420280" level="INFO">POST Response : url=https://compassuol.serverest.dev/login 
 status=200, reason=OK 
 headers={'access-control-allow-origin': '*', 'x-dns-prefetch-control': 'off', 'x-frame-options': 'SAMEORIGIN', 'strict-transport-security': 'max-age=15552000; includeSubDomains', 'x-download-options': 'noopen', 'x-content-type-options': 'nosniff', 'x-xss-protection': '1; mode=block', 'content-type': 'application/json; charset=utf-8', 'x-cloud-trace-context': 'cb46df46e4617ae2231a1a29162c929f', 'date': 'Sun, 15 Jun 2025 15:49:56 GMT', 'server': 'Google Frontend', 'Content-Length': '280'} 
 body={
    "message": "Login realizado com sucesso",
    "authorization": "Bearer eyJhbGciOiJIUzI1NiIsInR5cCI6IkpXVCJ9.eyJlbWFpbCI6ImR1cGxpY2Fkb2tmaklAdGVzdGUuY29tIiwicGFzc3dvcmQiOiIxMjM0NTYiLCJpYXQiOjE3NTAwMDI1OTYsImV4cCI6MTc1MDAwMzE5Nn0.IlXDyC7z9vGElsBFF0JM8BaN9pnRqW-KLn7GKp_eeo4"
} 
 </msg>
<msg time="2025-06-15T12:49:55.420342" level="INFO">C:\Users\mikec\AppData\Local\Programs\Python\Python313\Lib\site-packages\urllib3\connectionpool.py:1097: InsecureRequestWarning: Unverified HTTPS request is being made to host 'compassuol.serverest.dev'. Adding certificate verification is strongly advised. See: https://urllib3.readthedocs.io/en/latest/advanced-usage.html#tls-warnings
  warnings.warn(</msg>
<msg time="2025-06-15T12:49:55.420557" level="INFO">${res} = &lt;Response [200]&gt;</msg>
<var>${res}</var>
<arg>serve</arg>
<arg>/login</arg>
<arg>json=${login}</arg>
<doc>Sends a POST request on a previously created HTTP Session.</doc>
<status status="PASS" start="2025-06-15T12:49:55.252826" elapsed="0.167762"/>
</kw>
<kw name="Set Variable" owner="BuiltIn">
<msg time="2025-06-15T12:49:55.421202" level="INFO">${token} = Bearer eyJhbGciOiJIUzI1NiIsInR5cCI6IkpXVCJ9.eyJlbWFpbCI6ImR1cGxpY2Fkb2tmaklAdGVzdGUuY29tIiwicGFzc3dvcmQiOiIxMjM0NTYiLCJpYXQiOjE3NTAwMDI1OTYsImV4cCI6MTc1MDAwMzE5Nn0.IlXDyC7z9vGElsBFF0JM8BaN9pnRqW-KLn7G...</msg>
<var>${token}</var>
<arg>${res.json()["authorization"]}</arg>
<doc>Returns the given values which can then be assigned to a variables.</doc>
<status status="PASS" start="2025-06-15T12:49:55.420812" elapsed="0.000410"/>
</kw>
<kw name="Create Dictionary" owner="BuiltIn">
<msg time="2025-06-15T12:49:55.421510" level="INFO">${headers} = {'Authorization': 'Bearer eyJhbGciOiJIUzI1NiIsInR5cCI6IkpXVCJ9.eyJlbWFpbCI6ImR1cGxpY2Fkb2tmaklAdGVzdGUuY29tIiwicGFzc3dvcmQiOiIxMjM0NTYiLCJpYXQiOjE3NTAwMDI1OTYsImV4cCI6MTc1MDAwMzE5Nn0.IlXDyC7z9vGElsBFF...</msg>
<var>${headers}</var>
<arg>Authorization=${token}</arg>
<doc>Creates and returns a dictionary based on the given ``items``.</doc>
<status status="PASS" start="2025-06-15T12:49:55.421357" elapsed="0.000172"/>
</kw>
<kw name="Create Dictionary" owner="BuiltIn">
<msg time="2025-06-15T12:49:55.421949" level="INFO">${produto} = {'nome': 'ProdutoUnicokfjI', 'preco': '50', 'descricao': 'Teste', 'quantidade': '5'}</msg>
<var>${produto}</var>
<arg>nome=ProdutoUnico${rand}</arg>
<arg>preco=50</arg>
<arg>descricao=Teste</arg>
<arg>quantidade=5</arg>
<doc>Creates and returns a dictionary based on the given ``items``.</doc>
<status status="PASS" start="2025-06-15T12:49:55.421774" elapsed="0.000195"/>
</kw>
<kw name="POST On Session" owner="RequestsLibrary">
<msg time="2025-06-15T12:49:55.610004" level="INFO">POST Request : url=https://compassuol.serverest.dev/produtos 
 path_url=/produtos 
 headers={'User-Agent': 'python-requests/2.32.3', 'Accept-Encoding': 'gzip, deflate', 'Accept': '*/*', 'Connection': 'keep-alive', 'Authorization': 'Bearer eyJhbGciOiJIUzI1NiIsInR5cCI6IkpXVCJ9.eyJlbWFpbCI6ImR1cGxpY2Fkb2tmaklAdGVzdGUuY29tIiwicGFzc3dvcmQiOiIxMjM0NTYiLCJpYXQiOjE3NTAwMDI1OTYsImV4cCI6MTc1MDAwMzE5Nn0.IlXDyC7z9vGElsBFF0JM8BaN9pnRqW-KLn7GKp_eeo4', 'Content-Length': '84', 'Content-Type': 'application/json'} 
 body=b'{"nome": "ProdutoUnicokfjI", "preco": "50", "descricao": "Teste", "quantidade": "5"}' 
 </msg>
<msg time="2025-06-15T12:49:55.610087" level="INFO">POST Response : url=https://compassuol.serverest.dev/produtos 
 status=201, reason=Created 
 headers={'access-control-allow-origin': '*', 'x-dns-prefetch-control': 'off', 'x-frame-options': 'SAMEORIGIN', 'strict-transport-security': 'max-age=15552000; includeSubDomains', 'x-download-options': 'noopen', 'x-content-type-options': 'nosniff', 'x-xss-protection': '1; mode=block', 'content-type': 'application/json; charset=utf-8', 'x-cloud-trace-context': '64ef44dcf4bd0a57231a1a29162c9442', 'date': 'Sun, 15 Jun 2025 15:49:56 GMT', 'server': 'Google Frontend', 'Content-Length': '82'} 
 body={
    "message": "Cadastro realizado com sucesso",
    "_id": "PYWSp7tX9uAd4c3k"
} 
 </msg>
<msg time="2025-06-15T12:49:55.610145" level="INFO">C:\Users\mikec\AppData\Local\Programs\Python\Python313\Lib\site-packages\urllib3\connectionpool.py:1097: InsecureRequestWarning: Unverified HTTPS request is being made to host 'compassuol.serverest.dev'. Adding certificate verification is strongly advised. See: https://urllib3.readthedocs.io/en/latest/advanced-usage.html#tls-warnings
  warnings.warn(</msg>
<arg>serve</arg>
<arg>/produtos</arg>
<arg>headers=${headers}</arg>
<arg>json=${produto}</arg>
<doc>Sends a POST request on a previously created HTTP Session.</doc>
<status status="PASS" start="2025-06-15T12:49:55.422090" elapsed="0.188247"/>
</kw>
<kw name="POST On Session" owner="RequestsLibrary">
<msg time="2025-06-15T12:49:55.777039" level="INFO">POST Request : url=https://compassuol.serverest.dev/produtos 
 path_url=/produtos 
 headers={'User-Agent': 'python-requests/2.32.3', 'Accept-Encoding': 'gzip, deflate', 'Accept': '*/*', 'Connection': 'keep-alive', 'Authorization': 'Bearer eyJhbGciOiJIUzI1NiIsInR5cCI6IkpXVCJ9.eyJlbWFpbCI6ImR1cGxpY2Fkb2tmaklAdGVzdGUuY29tIiwicGFzc3dvcmQiOiIxMjM0NTYiLCJpYXQiOjE3NTAwMDI1OTYsImV4cCI6MTc1MDAwMzE5Nn0.IlXDyC7z9vGElsBFF0JM8BaN9pnRqW-KLn7GKp_eeo4', 'Content-Length': '84', 'Content-Type': 'application/json'} 
 body=b'{"nome": "ProdutoUnicokfjI", "preco": "50", "descricao": "Teste", "quantidade": "5"}' 
 </msg>
<msg time="2025-06-15T12:49:55.777177" level="INFO">POST Response : url=https://compassuol.serverest.dev/produtos 
 status=400, reason=Bad Request 
 headers={'access-control-allow-origin': '*', 'x-dns-prefetch-control': 'off', 'x-frame-options': 'SAMEORIGIN', 'strict-transport-security': 'max-age=15552000; includeSubDomains', 'x-download-options': 'noopen', 'x-content-type-options': 'nosniff', 'x-xss-protection': '1; mode=block', 'content-type': 'application/json; charset=utf-8', 'x-cloud-trace-context': '9593d67082809b43231a1a29162c9ec8', 'date': 'Sun, 15 Jun 2025 15:49:56 GMT', 'server': 'Google Frontend', 'Content-Length': '53'} 
 body={
    "message": "Já existe produto com esse nome"
} 
 </msg>
<msg time="2025-06-15T12:49:55.777255" level="INFO">C:\Users\mikec\AppData\Local\Programs\Python\Python313\Lib\site-packages\urllib3\connectionpool.py:1097: InsecureRequestWarning: Unverified HTTPS request is being made to host 'compassuol.serverest.dev'. Adding certificate verification is strongly advised. See: https://urllib3.readthedocs.io/en/latest/advanced-usage.html#tls-warnings
  warnings.warn(</msg>
<msg time="2025-06-15T12:49:55.777498" level="INFO">${res_dup} = &lt;Response [400]&gt;</msg>
<var>${res_dup}</var>
<arg>serve</arg>
<arg>/produtos</arg>
<arg>headers=${headers}</arg>
<arg>json=${produto}</arg>
<arg>expected_status=any</arg>
<doc>Sends a POST request on a previously created HTTP Session.</doc>
<status status="PASS" start="2025-06-15T12:49:55.610559" elapsed="0.166970"/>
</kw>
<kw name="Status Should Be" owner="RequestsLibrary">
<arg>400</arg>
<arg>${res_dup}</arg>
<doc>Fails if response status code is different than the expected.</doc>
<status status="PASS" start="2025-06-15T12:49:55.777752" elapsed="0.000166"/>
</kw>
<kw name="Should Contain" owner="BuiltIn">
<arg>${res_dup.json()["message"]}</arg>
<arg>Já existe produto com esse nome</arg>
<doc>Fails if ``container`` does not contain ``item`` one or more times.</doc>
<status status="PASS" start="2025-06-15T12:49:55.778045" elapsed="0.000328"/>
</kw>
<status status="PASS" start="2025-06-15T12:49:55.065688" elapsed="0.712806"/>
</test>
<test id="s1-s2-t3" name="CT033 - Cadastrar produto sem autenticação" line="41">
<kw name="Create Dictionary" owner="BuiltIn">
<msg time="2025-06-15T12:49:55.779192" level="INFO">${produto} = {'nome': 'SemToken', 'preco': '20', 'descricao': 'SemToken', 'quantidade': '5'}</msg>
<var>${produto}</var>
<arg>nome=SemToken</arg>
<arg>preco=20</arg>
<arg>descricao=SemToken</arg>
<arg>quantidade=5</arg>
<doc>Creates and returns a dictionary based on the given ``items``.</doc>
<status status="PASS" start="2025-06-15T12:49:55.779051" elapsed="0.000161"/>
</kw>
<kw name="POST On Session" owner="RequestsLibrary">
<msg time="2025-06-15T12:49:55.958340" level="INFO">POST Request : url=https://compassuol.serverest.dev/produtos 
 path_url=/produtos 
 headers={'User-Agent': 'python-requests/2.32.3', 'Accept-Encoding': 'gzip, deflate', 'Accept': '*/*', 'Connection': 'keep-alive', 'Content-Length': '79', 'Content-Type': 'application/json'} 
 body=b'{"nome": "SemToken", "preco": "20", "descricao": "SemToken", "quantidade": "5"}' 
 </msg>
<msg time="2025-06-15T12:49:55.958423" level="INFO">POST Response : url=https://compassuol.serverest.dev/produtos 
 status=401, reason=Unauthorized 
 headers={'access-control-allow-origin': '*', 'x-dns-prefetch-control': 'off', 'x-frame-options': 'SAMEORIGIN', 'strict-transport-security': 'max-age=15552000; includeSubDomains', 'x-download-options': 'noopen', 'x-content-type-options': 'nosniff', 'x-xss-protection': '1; mode=block', 'content-type': 'application/json; charset=utf-8', 'x-cloud-trace-context': 'fee36276ff5e5e8a231a1a29162c95c2', 'date': 'Sun, 15 Jun 2025 15:49:56 GMT', 'server': 'Google Frontend', 'Content-Length': '103'} 
 body={
    "message": "Token de acesso ausente, inválido, expirado ou usuário do token não existe mais"
} 
 </msg>
<msg time="2025-06-15T12:49:55.958484" level="INFO">C:\Users\mikec\AppData\Local\Programs\Python\Python313\Lib\site-packages\urllib3\connectionpool.py:1097: InsecureRequestWarning: Unverified HTTPS request is being made to host 'compassuol.serverest.dev'. Adding certificate verification is strongly advised. See: https://urllib3.readthedocs.io/en/latest/advanced-usage.html#tls-warnings
  warnings.warn(</msg>
<msg time="2025-06-15T12:49:55.958724" level="INFO">${res} = &lt;Response [401]&gt;</msg>
<var>${res}</var>
<arg>serve</arg>
<arg>/produtos</arg>
<arg>json=${produto}</arg>
<arg>expected_status=any</arg>
<doc>Sends a POST request on a previously created HTTP Session.</doc>
<status status="PASS" start="2025-06-15T12:49:55.779329" elapsed="0.179427"/>
</kw>
<kw name="Status Should Be" owner="RequestsLibrary">
<arg>401</arg>
<arg>${res}</arg>
<doc>Fails if response status code is different than the expected.</doc>
<status status="PASS" start="2025-06-15T12:49:55.958980" elapsed="0.000188"/>
</kw>
<kw name="Should Contain" owner="BuiltIn">
<arg>${res.json()["message"]}</arg>
<arg>Token de acesso ausente, inválido, expirado ou usuário do token não existe mais</arg>
<doc>Fails if ``container`` does not contain ``item`` one or more times.</doc>
<status status="PASS" start="2025-06-15T12:49:55.959296" elapsed="0.000314"/>
</kw>
<status status="PASS" start="2025-06-15T12:49:55.778761" elapsed="0.180972"/>
</test>
<test id="s1-s2-t4" name="CT034 - Cadastrar produto com token inválido" line="47">
<kw name="Create Dictionary" owner="BuiltIn">
[...]
<var>${headers}</var>
<arg>Authorization=Bearer ${token}</arg>
<doc>Creates and returns a dictionary based on the given ``items``.</doc>
<status status="PASS" start="2025-06-15T12:50:03.968550" elapsed="0.000192"/>
</kw>
<kw name="Set Variable" owner="BuiltIn">
<msg time="2025-06-15T12:50:03.969192" level="INFO">${id_falso} = abcd00000000000000000000</msg>
<var>${id_falso}</var>
<arg>abcd00000000000000000000</arg>
<doc>Returns the given values which can then be assigned to a variables.</doc>
<status status="PASS" start="2025-06-15T12:50:03.969084" elapsed="0.000131"/>
</kw>
<kw name="GET On Session" owner="RequestsLibrary">
<msg time="2025-06-15T12:50:04.138342" level="INFO">GET Request : url=https://compassuol.serverest.dev/usuarios/aaaaaaaaaaaaaaaaaaaaaaaa 
 path_url=/usuarios/aaaaaaaaaaaaaaaaaaaaaaaa 
 headers={'User-Agent': 'python-requests/2.32.3', 'Accept-Encoding': 'gzip, deflate', 'Accept': '*/*', 'Connection': 'keep-alive', 'Authorization': 'Bearer Bearer eyJhbGciOiJIUzI1NiIsInR5cCI6IkpXVCJ9.eyJlbWFpbCI6InRva2VuTU5kVkB0ZXN0ZS5jb20iLCJwYXNzd29yZCI6IjEyMzQ1NiIsImlhdCI6MTc1MDAwMjYwNCwiZXhwIjoxNzUwMDAzMjA0fQ.IS5nixr1rPWZjuzp6d-nsL15tnW69_oZpI_Lo1o4TMY'} 
 body=None 
 </msg>
<msg time="2025-06-15T12:50:04.138422" level="INFO">GET Response : url=https://compassuol.serverest.dev/usuarios/aaaaaaaaaaaaaaaaaaaaaaaa 
 status=400, reason=Bad Request 
 headers={'access-control-allow-origin': '*', 'x-dns-prefetch-control': 'off', 'x-frame-options': 'SAMEORIGIN', 'strict-transport-security': 'max-age=15552000; includeSubDomains', 'x-download-options': 'noopen', 'x-content-type-options': 'nosniff', 'x-xss-protection': '1; mode=block', 'content-type': 'application/json; charset=utf-8', 'x-cloud-trace-context': '9944fbe4b81b05deb2ed5ba3704ebd7e', 'date': 'Sun, 15 Jun 2025 15:50:04 GMT', 'server': 'Google Frontend', 'Content-Length': '67'} 
 body={
    "id": "id deve ter exatamente 16 caracteres alfanuméricos"
} 
 </msg>
<msg time="2025-06-15T12:50:04.138473" level="INFO">C:\Users\mikec\AppData\Local\Programs\Python\Python313\Lib\site-packages\urllib3\connectionpool.py:1097: InsecureRequestWarning: Unverified HTTPS request is being made to host 'compassuol.serverest.dev'. Adding certificate verification is strongly advised. See: https://urllib3.readthedocs.io/en/latest/advanced-usage.html#tls-warnings
  warnings.warn(</msg>
<msg time="2025-06-15T12:50:04.138705" level="INFO">${response} = &lt;Response [400]&gt;</msg>
<var>${response}</var>
<arg>serve</arg>
<arg>/usuarios/aaaaaaaaaaaaaaaaaaaaaaaa</arg>
<arg>headers=${headers}</arg>
<arg>expected_status=any</arg>
<doc>Sends a GET request on a previously created HTTP Session.</doc>
<status status="PASS" start="2025-06-15T12:50:03.969347" elapsed="0.169390"/>
</kw>
<kw name="Should Contain" owner="BuiltIn">
<msg time="2025-06-15T12:50:04.139429" level="FAIL">'{
    "id": "id deve ter exatamente 16 caracteres alfanuméricos"
}' does not contain 'Usuário não encontrado'</msg>
<arg>${response.text}</arg>
<arg>Usuário não encontrado</arg>
<doc>Fails if ``container`` does not contain ``item`` one or more times.</doc>
<status status="FAIL" start="2025-06-15T12:50:04.138967" elapsed="0.000520">'{
    "id": "id deve ter exatamente 16 caracteres alfanuméricos"
}' does not contain 'Usuário não encontrado'</status>
</kw>
<status status="FAIL" start="2025-06-15T12:50:03.463672" elapsed="0.675974">'{
    "id": "id deve ter exatamente 16 caracteres alfanuméricos"
}' does not contain 'Usuário não encontrado'</status>
</test>
<test id="s1-s3-t17" name="CT017 - Validação de campos obrigatórios" line="163">
<kw name="Create Session" owner="RequestsLibrary">
<msg time="2025-06-15T12:50:04.140376" level="INFO">Creating Session using : alias=serve, url=https://compassuol.serverest.dev, headers={},                     cookies={}, auth=None, timeout=None, proxies=None, verify=False,                     debug=0 </msg>
<arg>serve</arg>
<arg>${BASE_URL}</arg>
<doc>Create Session: create a HTTP session to a server</doc>
<status status="PASS" start="2025-06-15T12:50:04.140273" elapsed="0.000204"/>
</kw>
<kw name="Create Dictionary" owner="BuiltIn">
<msg time="2025-06-15T12:50:04.140741" level="INFO">${body} = {'email': 'semnome@teste.com', 'password': '123456', 'administrador': 'true'}</msg>
<var>${body}</var>
<arg>email=semnome@teste.com</arg>
<arg>password=123456</arg>
<arg>administrador=true</arg>
<doc>Creates and returns a dictionary based on the given ``items``.</doc>
<status status="PASS" start="2025-06-15T12:50:04.140614" elapsed="0.000145"/>
</kw>
<kw name="POST On Session" owner="RequestsLibrary">
<msg time="2025-06-15T12:50:04.495324" level="INFO">POST Request : url=https://compassuol.serverest.dev/usuarios 
 path_url=/usuarios 
 headers={'User-Agent': 'python-requests/2.32.3', 'Accept-Encoding': 'gzip, deflate', 'Accept': '*/*', 'Connection': 'keep-alive', 'Content-Length': '77', 'Content-Type': 'application/json'} 
 body=b'{"email": "semnome@teste.com", "password": "123456", "administrador": "true"}' 
 </msg>
<msg time="2025-06-15T12:50:04.495399" level="INFO">POST Response : url=https://compassuol.serverest.dev/usuarios 
 status=400, reason=Bad Request 
 headers={'access-control-allow-origin': '*', 'x-dns-prefetch-control': 'off', 'x-frame-options': 'SAMEORIGIN', 'strict-transport-security': 'max-age=15552000; includeSubDomains', 'x-download-options': 'noopen', 'x-content-type-options': 'nosniff', 'x-xss-protection': '1; mode=block', 'content-type': 'application/json; charset=utf-8', 'x-cloud-trace-context': 'f10164f85f46fcd19af709e9140558f3;o=1', 'date': 'Sun, 15 Jun 2025 15:50:05 GMT', 'server': 'Google Frontend', 'Content-Length': '38'} 
 body={
    "nome": "nome é obrigatório"
} 
 </msg>
<msg time="2025-06-15T12:50:04.495452" level="INFO">C:\Users\mikec\AppData\Local\Programs\Python\Python313\Lib\site-packages\urllib3\connectionpool.py:1097: InsecureRequestWarning: Unverified HTTPS request is being made to host 'compassuol.serverest.dev'. Adding certificate verification is strongly advised. See: https://urllib3.readthedocs.io/en/latest/advanced-usage.html#tls-warnings
  warnings.warn(</msg>
<msg time="2025-06-15T12:50:04.495683" level="INFO">${response} = &lt;Response [400]&gt;</msg>
<var>${response}</var>
<arg>serve</arg>
<arg>/usuarios</arg>
<arg>json=${body}</arg>
<arg>expected_status=any</arg>
<doc>Sends a POST request on a previously created HTTP Session.</doc>
<status status="PASS" start="2025-06-15T12:50:04.140920" elapsed="0.354794"/>
</kw>
<kw name="Status Should Be" owner="RequestsLibrary">
<arg>400</arg>
<arg>${response}</arg>
<doc>Fails if response status code is different than the expected.</doc>
<status status="PASS" start="2025-06-15T12:50:04.495938" elapsed="0.000193"/>
</kw>
<kw name="Should Contain" owner="BuiltIn">
<arg>${response.text}</arg>
<arg>nome é obrigatório</arg>
<doc>Fails if ``container`` does not contain ``item`` one or more times.</doc>
<status status="PASS" start="2025-06-15T12:50:04.496256" elapsed="0.000320"/>
</kw>
<status status="PASS" start="2025-06-15T12:50:04.139984" elapsed="0.356733"/>
</test>
<test id="s1-s3-t18" name="CT018 - Criar usuário com admin false" line="170">
<kw name="Create Session" owner="RequestsLibrary">
<msg time="2025-06-15T12:50:04.497341" level="INFO">Creating Session using : alias=serve, url=https://compassuol.serverest.dev, headers={},                     cookies={}, auth=None, timeout=None, proxies=None, verify=False,                     debug=0 </msg>
<arg>serve</arg>
<arg>${BASE_URL}</arg>
<doc>Create Session: create a HTTP session to a server</doc>
<status status="PASS" start="2025-06-15T12:50:04.497249" elapsed="0.000194"/>
</kw>
<kw name="Generate Random String" owner="String">
<msg time="2025-06-15T12:50:04.497694" level="INFO">${rand} = 9yGz</msg>
<var>${rand}</var>
<arg>4</arg>
<doc>Generates a string with a desired ``length`` from the given ``chars``.</doc>
<status status="PASS" start="2025-06-15T12:50:04.497563" elapsed="0.000148"/>
</kw>
<kw name="Set Variable" owner="BuiltIn">
<msg time="2025-06-15T12:50:04.497930" level="INFO">${email} = noadmin9yGz@teste.com</msg>
<var>${email}</var>
<arg>noadmin${rand}@teste.com</arg>
<doc>Returns the given values which can then be assigned to a variables.</doc>
<status status="PASS" start="2025-06-15T12:50:04.497825" elapsed="0.000122"/>
</kw>
<kw name="Create Dictionary" owner="BuiltIn">
<msg time="2025-06-15T12:50:04.498216" level="INFO">${body} = {'nome': 'SemAdmin', 'email': 'noadmin9yGz@teste.com', 'password': '123456', 'administrador': 'false'}</msg>
<var>${body}</var>
<arg>nome=SemAdmin</arg>
<arg>email=${email}</arg>
<arg>password=123456</arg>
<arg>administrador=false</arg>
<doc>Creates and returns a dictionary based on the given ``items``.</doc>
<status status="PASS" start="2025-06-15T12:50:04.498057" elapsed="0.000176"/>
</kw>
<kw name="POST On Session" owner="RequestsLibrary">
<msg time="2025-06-15T12:50:04.849182" level="INFO">POST Request : url=https://compassuol.serverest.dev/usuarios 
 path_url=/usuarios 
 headers={'User-Agent': 'python-requests/2.32.3', 'Accept-Encoding': 'gzip, deflate', 'Accept': '*/*', 'Connection': 'keep-alive', 'Content-Length': '102', 'Content-Type': 'application/json'} 
 body=b'{"nome": "SemAdmin", "email": "noadmin9yGz@teste.com", "password": "123456", "administrador": "false"}' 
 </msg>
<msg time="2025-06-15T12:50:04.849263" level="INFO">POST Response : url=https://compassuol.serverest.dev/usuarios 
 status=201, reason=Created 
 headers={'access-control-allow-origin': '*', 'x-dns-prefetch-control': 'off', 'x-frame-options': 'SAMEORIGIN', 'strict-transport-security': 'max-age=15552000; includeSubDomains', 'x-download-options': 'noopen', 'x-content-type-options': 'nosniff', 'x-xss-protection': '1; mode=block', 'content-type': 'application/json; charset=utf-8', 'x-cloud-trace-context': 'df0a9d3a4cf53105604bba2ed8ef6584', 'date': 'Sun, 15 Jun 2025 15:50:05 GMT', 'server': 'Google Frontend', 'Content-Length': '82'} 
 body={
    "message": "Cadastro realizado com sucesso",
    "_id": "mmfIqw1Fx8f39CJq"
} 
 </msg>
<msg time="2025-06-15T12:50:04.849322" level="INFO">C:\Users\mikec\AppData\Local\Programs\Python\Python313\Lib\site-packages\urllib3\connectionpool.py:1097: InsecureRequestWarning: Unverified HTTPS request is being made to host 'compassuol.serverest.dev'. Adding certificate verification is strongly advised. See: https://urllib3.readthedocs.io/en/latest/advanced-usage.html#tls-warnings
  warnings.warn(</msg>
<msg time="2025-06-15T12:50:04.849551" level="INFO">${response} = &lt;Response [201]&gt;</msg>
<var>${response}</var>
<arg>serve</arg>
<arg>/usuarios</arg>
<arg>json=${body}</arg>
<arg>expected_status=any</arg>
<doc>Sends a POST request on a previously created HTTP Session.</doc>
<status status="PASS" start="2025-06-15T12:50:04.498345" elapsed="0.351237"/>
</kw>
<kw name="Status Should Be" owner="RequestsLibrary">
<arg>201</arg>
<arg>${response}</arg>
<doc>Fails if response status code is different than the expected.</doc>
<status status="PASS" start="2025-06-15T12:50:04.849796" elapsed="0.000186"/>
</kw>
<kw name="Should Contain" owner="BuiltIn">
<arg>${response.json()["message"]}</arg>
<arg>Cadastro realizado com sucesso</arg>
<doc>Fails if ``container`` does not contain ``item`` one or more times.</doc>
<status status="PASS" start="2025-06-15T12:50:04.850144" elapsed="0.000384"/>
</kw>
<status status="PASS" start="2025-06-15T12:50:04.496988" elapsed="0.353690"/>
</test>
<test id="s1-s3-t19" name="CT019 - Enviar payload com campo extra" line="179">
<kw name="Create Session" owner="RequestsLibrary">
<msg time="2025-06-15T12:50:04.851288" level="INFO">Creating Session using : alias=serve, url=https://compassuol.serverest.dev, headers={},                     cookies={}, auth=None, timeout=None, proxies=None, verify=False,                     debug=0 </msg>
<arg>serve</arg>
<arg>${BASE_URL}</arg>
<doc>Create Session: create a HTTP session to a server</doc>
<status status="PASS" start="2025-06-15T12:50:04.851198" elapsed="0.000190"/>
</kw>
<kw name="Generate Random String" owner="String">
<msg time="2025-06-15T12:50:04.851663" level="INFO">${rand} = nsaT</msg>
<var>${rand}</var>
<arg>4</arg>
<doc>Generates a string with a desired ``length`` from the given ``chars``.</doc>
<status status="PASS" start="2025-06-15T12:50:04.851528" elapsed="0.000154"/>
</kw>
<kw name="Set Variable" owner="BuiltIn">
<msg time="2025-06-15T12:50:04.851911" level="INFO">${email} = extransaT@teste.com</msg>
<var>${email}</var>
<arg>extra${rand}@teste.com</arg>
<doc>Returns the given values which can then be assigned to a variables.</doc>
<status status="PASS" start="2025-06-15T12:50:04.851810" elapsed="0.000117"/>
</kw>
<kw name="Create Dictionary" owner="BuiltIn">
<msg time="2025-06-15T12:50:04.852421" level="INFO">${body} = {'nome': 'Extra', 'email': 'extransaT@teste.com', 'password': '123456', 'administrador': 'true', 'planeta': 'Terra'}</msg>
<var>${body}</var>
<arg>nome=Extra</arg>
<arg>email=${email}</arg>
<arg>password=123456</arg>
<arg>administrador=true</arg>
<arg>planeta=Terra</arg>
<doc>Creates and returns a dictionary based on the given ``items``.</doc>
<status status="PASS" start="2025-06-15T12:50:04.852095" elapsed="0.000345"/>
</kw>
<kw name="POST On Session" owner="RequestsLibrary">
<msg time="2025-06-15T12:50:05.203491" level="INFO">POST Request : url=https://compassuol.serverest.dev/usuarios 
 path_url=/usuarios 
 headers={'User-Agent': 'python-requests/2.32.3', 'Accept-Encoding': 'gzip, deflate', 'Accept': '*/*', 'Connection': 'keep-alive', 'Content-Length': '116', 'Content-Type': 'application/json'} 
 body=b'{"nome": "Extra", "email": "extransaT@teste.com", "password": "123456", "administrador": "true", "planeta": "Terra"}' 
 </msg>
<msg time="2025-06-15T12:50:05.203564" level="INFO">POST Response : url=https://compassuol.serverest.dev/usuarios 
 status=400, reason=Bad Request 
 headers={'access-control-allow-origin': '*', 'x-dns-prefetch-control': 'off', 'x-frame-options': 'SAMEORIGIN', 'strict-transport-security': 'max-age=15552000; includeSubDomains', 'x-download-options': 'noopen', 'x-content-type-options': 'nosniff', 'x-xss-protection': '1; mode=block', 'content-type': 'application/json; charset=utf-8', 'x-cloud-trace-context': '0faf4f8c8c886b34998ebfb69178043e', 'date': 'Sun, 15 Jun 2025 15:50:05 GMT', 'server': 'Google Frontend', 'Content-Length': '46'} 
 body={
    "planeta": "planeta não é permitido"
} 
 </msg>
<msg time="2025-06-15T12:50:05.203618" level="INFO">C:\Users\mikec\AppData\Local\Programs\Python\Python313\Lib\site-packages\urllib3\connectionpool.py:1097: InsecureRequestWarning: Unverified HTTPS request is being made to host 'compassuol.serverest.dev'. Adding certificate verification is strongly advised. See: https://urllib3.readthedocs.io/en/latest/advanced-usage.html#tls-warnings
  warnings.warn(</msg>
<msg time="2025-06-15T12:50:05.203833" level="INFO">${response} = &lt;Response [400]&gt;</msg>
<var>${response}</var>
<arg>serve</arg>
<arg>/usuarios</arg>
<arg>json=${body}</arg>
<arg>expected_status=any</arg>
<doc>Sends a POST request on a previously created HTTP Session.</doc>
<status status="PASS" start="2025-06-15T12:50:04.852558" elapsed="0.351307"/>
</kw>
<kw name="Status Should Be" owner="RequestsLibrary">
<arg>400</arg>
<arg>${response}</arg>
<doc>Fails if response status code is different than the expected.</doc>
<status status="PASS" start="2025-06-15T12:50:05.204154" elapsed="0.000275"/>
</kw>
<kw name="Should Contain" owner="BuiltIn">
<arg>${response.text}</arg>
<arg>planeta não é permitido</arg>
<doc>Fails if ``container`` does not contain ``item`` one or more times.</doc>
<status status="PASS" start="2025-06-15T12:50:05.204608" elapsed="0.000382"/>
</kw>
<status status="PASS" start="2025-06-15T12:50:04.850963" elapsed="0.354224"/>
</test>
<test id="s1-s3-t20" name="CT020 - Enviar payload vazio" line="188">
<kw name="Create Session" owner="RequestsLibrary">
<msg time="2025-06-15T12:50:05.205885" level="INFO">Creating Session using : alias=serve, url=https://compassuol.serverest.dev, headers={},                     cookies={}, auth=None, timeout=None, proxies=None, verify=False,                     debug=0 </msg>
<arg>serve</arg>
<arg>${BASE_URL}</arg>
<doc>Create Session: create a HTTP session to a server</doc>
<status status="PASS" start="2025-06-15T12:50:05.205779" elapsed="0.000216"/>
</kw>
<kw name="Create Dictionary" owner="BuiltIn">
<msg time="2025-06-15T12:50:05.206231" level="INFO">${body} = {}</msg>
<var>${body}</var>
<doc>Creates and returns a dictionary based on the given ``items``.</doc>
<status status="PASS" start="2025-06-15T12:50:05.206130" elapsed="0.000119"/>
</kw>
<kw name="POST On Session" owner="RequestsLibrary">
<msg time="2025-06-15T12:50:05.549601" level="INFO">POST Request : url=https://compassuol.serverest.dev/usuarios 
 path_url=/usuarios 
 headers={'User-Agent': 'python-requests/2.32.3', 'Accept-Encoding': 'gzip, deflate', 'Accept': '*/*', 'Connection': 'keep-alive', 'Content-Length': '2', 'Content-Type': 'application/json'} 
 body=b'{}' 
 </msg>
<msg time="2025-06-15T12:50:05.549684" level="INFO">POST Response : url=https://compassuol.serverest.dev/usuarios 
 status=400, reason=Bad Request 
 headers={'access-control-allow-origin': '*', 'x-dns-prefetch-control': 'off', 'x-frame-options': 'SAMEORIGIN', 'strict-transport-security': 'max-age=15552000; includeSubDomains', 'x-download-options': 'noopen', 'x-content-type-options': 'nosniff', 'x-xss-protection': '1; mode=block', 'content-type': 'application/json; charset=utf-8', 'x-cloud-trace-context': '001c85b523649419c637cda052657aa8', 'date': 'Sun, 15 Jun 2025 15:50:06 GMT', 'server': 'Google Frontend', 'Content-Length': '174'} 
 body={
    "nome": "nome é obrigatório",
    "email": "email é obrigatório",
    "password": "password é obrigatório",
    "administrador": "administrador é obrigatório"
} 
 </msg>
<msg time="2025-06-15T12:50:05.549744" level="INFO">C:\Users\mikec\AppData\Local\Programs\Python\Python313\Lib\site-packages\urllib3\connectionpool.py:1097: InsecureRequestWarning: Unverified HTTPS request is being made to host 'compassuol.serverest.dev'. Adding certificate verification is strongly advised. See: https://urllib3.readthedocs.io/en/latest/advanced-usage.html#tls-warnings
  warnings.warn(</msg>
<msg time="2025-06-15T12:50:05.549978" level="INFO">${response} = &lt;Response [400]&gt;</msg>
<var>${response}</var>
<arg>serve</arg>
<arg>/usuarios</arg>
<arg>json=${body}</arg>
<arg>expected_status=any</arg>
<doc>Sends a POST request on a previously created HTTP Session.</doc>
<status status="PASS" start="2025-06-15T12:50:05.206360" elapsed="0.343648"/>
</kw>
<kw name="Status Should Be" owner="RequestsLibrary">
<arg>400</arg>
<arg>${response}</arg>
<doc>Fails if response status code is different than the expected.</doc>
<status status="PASS" start="2025-06-15T12:50:05.550216" elapsed="0.000161"/>
</kw>
<kw name="Should Contain" owner="BuiltIn">
<arg>${response.text}</arg>
<arg>nome é obrigatório</arg>
<doc>Fails if ``container`` does not contain ``item`` one or more times.</doc>
<status status="PASS" start="2025-06-15T12:50:05.550515" elapsed="0.000314"/>
</kw>
<status status="PASS" start="2025-06-15T12:50:05.205511" elapsed="0.345442"/>
</test>
<status status="FAIL" start="2025-06-15T12:49:57.222164" elapsed="8.329106"/>
</suite>
<status status="FAIL" start="2025-06-15T12:49:43.525762" elapsed="22.026062"/>
</suite>
<statistics>
<total>
<stat pass="31" fail="5" skip="0">All Tests</stat>
</total>
<tag>
</tag>
<suite>
<stat name="Tests" id="s1" pass="31" fail="5" skip="0">Tests</stat>
<stat name="Login" id="s1-s1" pass="9" fail="1" skip="0">Tests.Login</stat>
<stat name="Produtos" id="s1-s2" pass="5" fail="1" skip="0">Tests.Produtos</stat>
<stat name="Usuarios" id="s1-s3" pass="17" fail="3" skip="0">Tests.Usuarios</stat>
</suite>
</statistics>
<errors>
</errors>
</robot>
